[debug] [2026-05-18T18:10:34.899Z] ----------------------------------------------------------------------
[debug] [2026-05-18T18:10:34.900Z] Command:       C:\Program Files\nodejs\node.exe C:\Users\joesa\AppData\Roaming\npm\node_modules\firebase-tools\lib\bin\firebase.js deploy --only functions:onSpotCreatedNearbyPush
[debug] [2026-05-18T18:10:34.901Z] CLI Version:   15.10.1
[debug] [2026-05-18T18:10:34.901Z] Platform:      win32
[debug] [2026-05-18T18:10:34.901Z] Node Version:  v24.13.0
[debug] [2026-05-18T18:10:34.901Z] Time:          Mon May 18 2026 13:10:34 GMT-0500 (Central Daylight Time)
[debug] [2026-05-18T18:10:34.901Z] ----------------------------------------------------------------------
[debug] 
[debug] [2026-05-18T18:10:36.058Z] > command requires scopes: ["email","openid","https://www.googleapis.com/auth/cloudplatformprojects.readonly","https://www.googleapis.com/auth/firebase","https://www.googleapis.com/auth/cloud-platform"]
[debug] [2026-05-18T18:10:36.058Z] > authorizing via signed-in user (joesalatino@gmail.com)
[debug] [2026-05-18T18:10:36.058Z] [iam] checking project pinpix-app for permissions ["cloudfunctions.functions.create","cloudfunctions.functions.delete","cloudfunctions.functions.get","cloudfunctions.functions.list","cloudfunctions.functions.update","cloudfunctions.operations.get","firebase.projects.get"]
[debug] [2026-05-18T18:10:36.059Z] Checked if tokens are valid: true, expires at: 1779130979181
[debug] [2026-05-18T18:10:36.059Z] Checked if tokens are valid: true, expires at: 1779130979181
[debug] [2026-05-18T18:10:36.059Z] >>> [apiv2][query] POST https://cloudresourcemanager.googleapis.com/v1/projects/pinpix-app:testIamPermissions [none]
[debug] [2026-05-18T18:10:36.059Z] >>> [apiv2][(partial)header] POST https://cloudresourcemanager.googleapis.com/v1/projects/pinpix-app:testIamPermissions  x-goog-user-project=pinpix-app
[debug] [2026-05-18T18:10:36.060Z] >>> [apiv2][body] POST https://cloudresourcemanager.googleapis.com/v1/projects/pinpix-app:testIamPermissions {"permissions":["cloudfunctions.functions.create","cloudfunctions.functions.delete","cloudfunctions.functions.get","cloudfunctions.functions.list","cloudfunctions.functions.update","cloudfunctions.operations.get","firebase.projects.get"]}
[debug] [2026-05-18T18:10:36.319Z] <<< [apiv2][status] POST https://cloudresourcemanager.googleapis.com/v1/projects/pinpix-app:testIamPermissions 200
[debug] [2026-05-18T18:10:36.319Z] <<< [apiv2][body] POST https://cloudresourcemanager.googleapis.com/v1/projects/pinpix-app:testIamPermissions {"permissions":["cloudfunctions.functions.create","cloudfunctions.functions.delete","cloudfunctions.functions.get","cloudfunctions.functions.list","cloudfunctions.functions.update","cloudfunctions.operations.get","firebase.projects.get"]}
[debug] [2026-05-18T18:10:36.319Z] Checked if tokens are valid: true, expires at: 1779130979181
[debug] [2026-05-18T18:10:36.319Z] Checked if tokens are valid: true, expires at: 1779130979181
[debug] [2026-05-18T18:10:36.319Z] >>> [apiv2][query] POST https://iam.googleapis.com/v1/projects/pinpix-app/serviceAccounts/pinpix-app@appspot.gserviceaccount.com:testIamPermissions [none]
[debug] [2026-05-18T18:10:36.319Z] >>> [apiv2][body] POST https://iam.googleapis.com/v1/projects/pinpix-app/serviceAccounts/pinpix-app@appspot.gserviceaccount.com:testIamPermissions {"permissions":["iam.serviceAccounts.actAs"]}
[debug] [2026-05-18T18:10:36.484Z] <<< [apiv2][status] POST https://iam.googleapis.com/v1/projects/pinpix-app/serviceAccounts/pinpix-app@appspot.gserviceaccount.com:testIamPermissions 200
[debug] [2026-05-18T18:10:36.484Z] <<< [apiv2][body] POST https://iam.googleapis.com/v1/projects/pinpix-app/serviceAccounts/pinpix-app@appspot.gserviceaccount.com:testIamPermissions {"permissions":["iam.serviceAccounts.actAs"]}
[info] 
[info] === Deploying to 'pinpix-app'...
[info] 
[info] i  deploying functions 
[info] Running command: npm --prefix "$RESOURCE_DIR" run build
[info] +  functions: Finished running predeploy script. 
[debug] [2026-05-18T18:10:38.646Z] Checked if tokens are valid: true, expires at: 1779130979181
[debug] [2026-05-18T18:10:38.646Z] Checked if tokens are valid: true, expires at: 1779130979181
[debug] [2026-05-18T18:10:38.646Z] >>> [apiv2][query] GET https://cloudresourcemanager.googleapis.com/v1/projects/pinpix-app [none]
[debug] [2026-05-18T18:10:38.767Z] <<< [apiv2][status] GET https://cloudresourcemanager.googleapis.com/v1/projects/pinpix-app 200
[debug] [2026-05-18T18:10:38.768Z] <<< [apiv2][body] GET https://cloudresourcemanager.googleapis.com/v1/projects/pinpix-app {"projectNumber":"921585466609","projectId":"pinpix-app","lifecycleState":"ACTIVE","name":"PinPix","labels":{"firebase":"enabled","firebase-core":"disabled"},"createTime":"2026-05-11T03:03:46.175Z"}
[info] i  functions: preparing codebase default for deployment 
[info] i  functions: ensuring required API cloudfunctions.googleapis.com is enabled... 
[info] i  functions: ensuring required API cloudbuild.googleapis.com is enabled... 
[info] i  artifactregistry: ensuring required API artifactregistry.googleapis.com is enabled... 
[debug] [2026-05-18T18:10:38.773Z] Checked if tokens are valid: true, expires at: 1779130979181
[debug] [2026-05-18T18:10:38.773Z] Checked if tokens are valid: true, expires at: 1779130979181
[debug] [2026-05-18T18:10:38.773Z] >>> [apiv2][query] GET https://firebase.googleapis.com/v1beta1/projects/pinpix-app/adminSdkConfig [none]
[debug] [2026-05-18T18:10:39.074Z] <<< [apiv2][status] GET https://firebase.googleapis.com/v1beta1/projects/pinpix-app/adminSdkConfig 200
[debug] [2026-05-18T18:10:39.074Z] <<< [apiv2][body] GET https://firebase.googleapis.com/v1beta1/projects/pinpix-app/adminSdkConfig {"projectId":"pinpix-app","storageBucket":"pinpix-app.firebasestorage.app"}
[debug] [2026-05-18T18:10:39.074Z] Checked if tokens are valid: true, expires at: 1779130979181
[debug] [2026-05-18T18:10:39.074Z] Checked if tokens are valid: true, expires at: 1779130979181
[debug] [2026-05-18T18:10:39.074Z] >>> [apiv2][query] GET https://runtimeconfig.googleapis.com/v1beta1/projects/pinpix-app/configs [none]
[debug] [2026-05-18T18:10:39.309Z] <<< [apiv2][status] GET https://runtimeconfig.googleapis.com/v1beta1/projects/pinpix-app/configs 200
[debug] [2026-05-18T18:10:39.309Z] <<< [apiv2][body] GET https://runtimeconfig.googleapis.com/v1beta1/projects/pinpix-app/configs {}
[debug] [2026-05-18T18:10:39.310Z] Validating nodejs source
[warn] !  functions: Runtime Node.js 20 was deprecated on 2026-04-30 and will be decommissioned on 2026-10-30, after which you will not be able to deploy without upgrading. Consider upgrading now to avoid disruption. See https://cloud.google.com/functions/docs/runtime-support for full details on the lifecycle policy 
[warn] !  functions: package.json indicates an outdated version of firebase-functions. Please upgrade using npm install --save firebase-functions@latest in your functions directory. 
[warn] !  functions: Please note that there will be breaking changes when you upgrade. 
[debug] [2026-05-18T18:10:40.434Z] > [functions] package.json contents: {
  "name": "pinpix-functions",
  "description": "Cloud Functions for PinPix (report-email notifications, etc.)",
  "main": "lib/index.js",
  "engines": {
    "node": "20"
  },
  "scripts": {
    "build": "tsc",
    "build:watch": "tsc --watch",
    "lint": "eslint --ext .ts src",
    "serve": "npm run build && firebase emulators:start --only functions",
    "shell": "npm run build && firebase functions:shell",
    "start": "npm run shell",
    "deploy": "firebase deploy --only functions",
    "logs": "firebase functions:log"
  },
  "dependencies": {
    "expo-server-sdk": "^3.15.0",
    "firebase-admin": "^12.6.0",
    "firebase-functions": "^6.0.1",
    "ngeohash": "^0.6.3",
    "nodemailer": "^6.9.15"
  },
  "devDependencies": {
    "@types/ngeohash": "^0.6.8",
    "@types/nodemailer": "^6.4.16",
    "typescript": "^5.5.4"
  },
  "private": true
}
[debug] [2026-05-18T18:10:40.434Z] Building nodejs source
[info] i  functions: Loading and analyzing source code for codebase default to determine what to deploy 
[debug] [2026-05-18T18:10:40.435Z] Could not find functions.yaml. Must use http discovery
[debug] [2026-05-18T18:10:40.444Z] Found firebase-functions binary at 'C:\Users\joesa\Documents\PhotoApp\PhotoSpots\functions\node_modules\.bin\firebase-functions'
[info] Serving at port 8400

[debug] [2026-05-18T18:10:41.142Z] Got response from /__/functions.yaml {"endpoints":{"onBookmarkCreatedSpotActivityPush":{"availableMemoryMb":null,"timeoutSeconds":null,"minInstances":null,"maxInstances":null,"ingressSettings":null,"concurrency":null,"serviceAccountEmail":null,"vpc":null,"platform":"gcfv2","region":["us-central1"],"labels":{},"eventTrigger":{"eventType":"google.cloud.firestore.document.v1.created","eventFilters":{"database":"(default)","namespace":"(default)"},"eventFilterPathPatterns":{"document":"users/{userId}/bookmarks/{spotId}"},"retry":false},"entryPoint":"onBookmarkCreatedSpotActivityPush"},"onSpotCreatedNearbyPush":{"availableMemoryMb":null,"timeoutSeconds":null,"minInstances":null,"maxInstances":null,"ingressSettings":null,"concurrency":null,"serviceAccountEmail":null,"vpc":null,"platform":"gcfv2","region":["us-central1"],"labels":{},"eventTrigger":{"eventType":"google.cloud.firestore.document.v1.created","eventFilters":{"database":"(default)","namespace":"(default)"},"eventFilterPathPatterns":{"document":"spots/{spotId}"},"retry":false},"entryPoint":"onSpotCreatedNearbyPush"},"onSpotLikeCreatedPush":{"availableMemoryMb":null,"timeoutSeconds":null,"minInstances":null,"maxInstances":null,"ingressSettings":null,"concurrency":null,"serviceAccountEmail":null,"vpc":null,"platform":"gcfv2","region":["us-central1"],"labels":{},"eventTrigger":{"eventType":"google.cloud.firestore.document.v1.created","eventFilters":{"database":"(default)","namespace":"(default)"},"eventFilterPathPatterns":{"document":"spots/{spotId}/likes/{likeUid}"},"retry":false},"entryPoint":"onSpotLikeCreatedPush"},"weeklyDigestPush":{"availableMemoryMb":null,"timeoutSeconds":null,"minInstances":null,"maxInstances":null,"ingressSettings":null,"concurrency":null,"serviceAccountEmail":null,"vpc":null,"platform":"gcfv2","region":["us-central1"],"labels":{},"scheduleTrigger":{"schedule":"0 14 * * 1","retryConfig":{},"timeZone":"Etc/UTC"},"entryPoint":"weeklyDigestPush"},"onSpotCommentCreatedPush":{"availableMemoryMb":null,"timeoutSeconds":null,"minInstances":null,"maxInstances":null,"ingressSettings":null,"concurrency":null,"serviceAccountEmail":null,"vpc":null,"platform":"gcfv2","region":["us-central1"],"labels":{},"eventTrigger":{"eventType":"google.cloud.firestore.document.v1.created","eventFilters":{"database":"(default)","namespace":"(default)"},"eventFilterPathPatterns":{"document":"spots/{spotId}/comments/{commentId}"},"retry":false},"entryPoint":"onSpotCommentCreatedPush"},"onSpotCommentLikeCreatedPush":{"availableMemoryMb":null,"timeoutSeconds":null,"minInstances":null,"maxInstances":null,"ingressSettings":null,"concurrency":null,"serviceAccountEmail":null,"vpc":null,"platform":"gcfv2","region":["us-central1"],"labels":{},"eventTrigger":{"eventType":"google.cloud.firestore.document.v1.created","eventFilters":{"database":"(default)","namespace":"(default)"},"eventFilterPathPatterns":{"document":"spots/{spotId}/comments/{commentId}/likes/{likeUid}"},"retry":false},"entryPoint":"onSpotCommentLikeCreatedPush"},"onReportCreated":{"availableMemoryMb":null,"timeoutSeconds":null,"minInstances":null,"maxInstances":null,"ingressSettings":null,"concurrency":null,"serviceAccountEmail":null,"vpc":null,"platform":"gcfv2","region":["us-central1"],"secretEnvironmentVariables":[{"key":"GMAIL_USER"},{"key":"GMAIL_APP_PASSWORD"}],"labels":{},"eventTrigger":{"eventType":"google.cloud.firestore.document.v1.created","eventFilters":{"database":"(default)","namespace":"(default)"},"eventFilterPathPatterns":{"document":"reports/{reportId}"},"retry":false},"entryPoint":"onReportCreated"},"onFriendRequestCreatedPush":{"availableMemoryMb":null,"timeoutSeconds":null,"minInstances":null,"maxInstances":null,"ingressSettings":null,"concurrency":null,"serviceAccountEmail":null,"vpc":null,"platform":"gcfv2","region":["us-central1"],"labels":{},"eventTrigger":{"eventType":"google.cloud.firestore.document.v1.created","eventFilters":{"database":"(default)","namespace":"(default)"},"eventFilterPathPatterns":{"document":"friendRequests/{requestId}"},"retry":false},"entryPoint":"onFriendRequestCreatedPush"},"onFollowRequestDeletedAcceptNotify":{"availableMemoryMb":null,"timeoutSeconds":null,"minInstances":null,"maxInstances":null,"ingressSettings":null,"concurrency":null,"serviceAccountEmail":null,"vpc":null,"platform":"gcfv2","region":["us-central1"],"labels":{},"eventTrigger":{"eventType":"google.cloud.firestore.document.v1.deleted","eventFilters":{"database":"(default)","namespace":"(default)"},"eventFilterPathPatterns":{"document":"friendRequests/{requestId}"},"retry":false},"entryPoint":"onFollowRequestDeletedAcceptNotify"},"onUserFriendsUpdatedPush":{"availableMemoryMb":null,"timeoutSeconds":null,"minInstances":null,"maxInstances":null,"ingressSettings":null,"concurrency":null,"serviceAccountEmail":null,"vpc":null,"platform":"gcfv2","region":["us-central1"],"labels":{},"eventTrigger":{"eventType":"google.cloud.firestore.document.v1.updated","eventFilters":{"database":"(default)","namespace":"(default)"},"eventFilterPathPatterns":{"document":"users/{userId}"},"retry":false},"entryPoint":"onUserFriendsUpdatedPush"}},"specVersion":"v1alpha1","requiredAPIs":[{"api":"cloudscheduler.googleapis.com","reason":"Needed for scheduled functions."}],"extensions":{},"params":[{"type":"secret","name":"GMAIL_USER"},{"type":"secret","name":"GMAIL_APP_PASSWORD"}]}
[info] i  extensions: ensuring required API firebaseextensions.googleapis.com is enabled... 
[debug] [2026-05-18T18:10:45.189Z] > command requires scopes: ["email","openid","https://www.googleapis.com/auth/cloudplatformprojects.readonly","https://www.googleapis.com/auth/firebase","https://www.googleapis.com/auth/cloud-platform"]
[debug] [2026-05-18T18:10:45.189Z] > authorizing via signed-in user (joesalatino@gmail.com)
[debug] [2026-05-18T18:10:45.190Z] [iam] checking project pinpix-app for permissions ["firebase.projects.get","firebaseextensions.instances.list"]
[debug] [2026-05-18T18:10:45.190Z] Checked if tokens are valid: true, expires at: 1779130979181
[debug] [2026-05-18T18:10:45.190Z] Checked if tokens are valid: true, expires at: 1779130979181
[debug] [2026-05-18T18:10:45.190Z] >>> [apiv2][query] POST https://cloudresourcemanager.googleapis.com/v1/projects/pinpix-app:testIamPermissions [none]
[debug] [2026-05-18T18:10:45.190Z] >>> [apiv2][(partial)header] POST https://cloudresourcemanager.googleapis.com/v1/projects/pinpix-app:testIamPermissions  x-goog-user-project=pinpix-app
[debug] [2026-05-18T18:10:45.190Z] >>> [apiv2][body] POST https://cloudresourcemanager.googleapis.com/v1/projects/pinpix-app:testIamPermissions {"permissions":["firebase.projects.get","firebaseextensions.instances.list"]}
[debug] [2026-05-18T18:10:45.374Z] <<< [apiv2][status] POST https://cloudresourcemanager.googleapis.com/v1/projects/pinpix-app:testIamPermissions 200
[debug] [2026-05-18T18:10:45.375Z] <<< [apiv2][body] POST https://cloudresourcemanager.googleapis.com/v1/projects/pinpix-app:testIamPermissions {"permissions":["firebase.projects.get","firebaseextensions.instances.list"]}
[debug] [2026-05-18T18:10:45.375Z] Checked if tokens are valid: true, expires at: 1779130979181
[debug] [2026-05-18T18:10:45.375Z] Checked if tokens are valid: true, expires at: 1779130979181
[debug] [2026-05-18T18:10:45.375Z] >>> [apiv2][query] GET https://firebaseextensions.googleapis.com/v1beta/projects/pinpix-app/instances pageSize=100&pageToken=
[debug] [2026-05-18T18:10:45.661Z] <<< [apiv2][status] GET https://firebaseextensions.googleapis.com/v1beta/projects/pinpix-app/instances 200
[debug] [2026-05-18T18:10:45.661Z] <<< [apiv2][body] GET https://firebaseextensions.googleapis.com/v1beta/projects/pinpix-app/instances {}
[debug] [2026-05-18T18:10:45.662Z] Checked if tokens are valid: true, expires at: 1779130979181
[debug] [2026-05-18T18:10:45.662Z] Checked if tokens are valid: true, expires at: 1779130979181
[debug] [2026-05-18T18:10:45.662Z] >>> [apiv2][query] GET https://secretmanager.googleapis.com/v1/projects/pinpix-app/secrets/GMAIL_USER [none]
[debug] [2026-05-18T18:10:45.891Z] <<< [apiv2][status] GET https://secretmanager.googleapis.com/v1/projects/pinpix-app/secrets/GMAIL_USER 200
[debug] [2026-05-18T18:10:45.891Z] <<< [apiv2][body] GET https://secretmanager.googleapis.com/v1/projects/pinpix-app/secrets/GMAIL_USER {"name":"projects/921585466609/secrets/GMAIL_USER","replication":{"automatic":{}},"createTime":"2026-05-12T16:37:44.002501Z","labels":{"firebase-managed":"functions"},"etag":"\"1651a17b857265\""}
[debug] [2026-05-18T18:10:45.892Z] Checked if tokens are valid: true, expires at: 1779130979181
[debug] [2026-05-18T18:10:45.892Z] Checked if tokens are valid: true, expires at: 1779130979181
[debug] [2026-05-18T18:10:45.892Z] >>> [apiv2][query] GET https://secretmanager.googleapis.com/v1/projects/pinpix-app/secrets/GMAIL_USER/versions/latest [none]
[debug] [2026-05-18T18:10:46.004Z] <<< [apiv2][status] GET https://secretmanager.googleapis.com/v1/projects/pinpix-app/secrets/GMAIL_USER/versions/latest 200
[debug] [2026-05-18T18:10:46.004Z] <<< [apiv2][body] GET https://secretmanager.googleapis.com/v1/projects/pinpix-app/secrets/GMAIL_USER/versions/latest {"name":"projects/921585466609/secrets/GMAIL_USER/versions/2","createTime":"2026-05-12T16:45:17.833746Z","state":"ENABLED","replicationStatus":{"automatic":{}},"etag":"\"1651a1968f7a12\""}
[debug] [2026-05-18T18:10:46.005Z] Checked if tokens are valid: true, expires at: 1779130979181
[debug] [2026-05-18T18:10:46.005Z] Checked if tokens are valid: true, expires at: 1779130979181
[debug] [2026-05-18T18:10:46.005Z] >>> [apiv2][query] GET https://secretmanager.googleapis.com/v1/projects/pinpix-app/secrets/GMAIL_APP_PASSWORD [none]
[debug] [2026-05-18T18:10:46.110Z] <<< [apiv2][status] GET https://secretmanager.googleapis.com/v1/projects/pinpix-app/secrets/GMAIL_APP_PASSWORD 200
[debug] [2026-05-18T18:10:46.110Z] <<< [apiv2][body] GET https://secretmanager.googleapis.com/v1/projects/pinpix-app/secrets/GMAIL_APP_PASSWORD {"name":"projects/921585466609/secrets/GMAIL_APP_PASSWORD","replication":{"automatic":{}},"createTime":"2026-05-12T16:39:04.117072Z","labels":{"firebase-managed":"functions"},"etag":"\"1651a1804b601b\""}
[debug] [2026-05-18T18:10:46.110Z] Checked if tokens are valid: true, expires at: 1779130979181
[debug] [2026-05-18T18:10:46.110Z] Checked if tokens are valid: true, expires at: 1779130979181
[debug] [2026-05-18T18:10:46.110Z] >>> [apiv2][query] GET https://secretmanager.googleapis.com/v1/projects/pinpix-app/secrets/GMAIL_APP_PASSWORD/versions/latest [none]
[debug] [2026-05-18T18:10:46.209Z] <<< [apiv2][status] GET https://secretmanager.googleapis.com/v1/projects/pinpix-app/secrets/GMAIL_APP_PASSWORD/versions/latest 200
[debug] [2026-05-18T18:10:46.209Z] <<< [apiv2][body] GET https://secretmanager.googleapis.com/v1/projects/pinpix-app/secrets/GMAIL_APP_PASSWORD/versions/latest {"name":"projects/921585466609/secrets/GMAIL_APP_PASSWORD/versions/3","createTime":"2026-05-12T20:00:06.020915Z","state":"ENABLED","replicationStatus":{"automatic":{}},"etag":"\"1651a44f3b0f33\""}
[info] i  functions: preparing functions directory for uploading... 
[info] i  functions: packaged C:\Users\joesa\Documents\PhotoApp\PhotoSpots\functions (66.67 KB) for uploading 
[debug] [2026-05-18T18:10:46.272Z] Checked if tokens are valid: true, expires at: 1779130979181
[debug] [2026-05-18T18:10:46.273Z] Checked if tokens are valid: true, expires at: 1779130979181
[debug] [2026-05-18T18:10:46.273Z] >>> [apiv2][query] GET https://cloudfunctions.googleapis.com/v1/projects/pinpix-app/locations/-/functions [none]
[debug] [2026-05-18T18:10:46.856Z] <<< [apiv2][status] GET https://cloudfunctions.googleapis.com/v1/projects/pinpix-app/locations/-/functions 200
[debug] [2026-05-18T18:10:46.856Z] <<< [apiv2][body] GET https://cloudfunctions.googleapis.com/v1/projects/pinpix-app/locations/-/functions {}
[debug] [2026-05-18T18:10:46.856Z] Checked if tokens are valid: true, expires at: 1779130979181
[debug] [2026-05-18T18:10:46.856Z] Checked if tokens are valid: true, expires at: 1779130979181
[debug] [2026-05-18T18:10:46.856Z] >>> [apiv2][query] GET https://cloudfunctions.googleapis.com/v2/projects/pinpix-app/locations/-/functions filter=environment%3D%22GEN_2%22
[debug] [2026-05-18T18:10:47.229Z] <<< [apiv2][status] GET https://cloudfunctions.googleapis.com/v2/projects/pinpix-app/locations/-/functions 200
[debug] [2026-05-18T18:10:47.229Z] <<< [apiv2][body] GET https://cloudfunctions.googleapis.com/v2/projects/pinpix-app/locations/-/functions {"functions":[{"name":"projects/pinpix-app/locations/us-central1/functions/onBookmarkCreatedSpotActivityPush","buildConfig":{"build":"projects/921585466609/locations/us-central1/builds/954a2ffa-f907-4194-8eca-f68687df7320","runtime":"nodejs20","entryPoint":"onBookmarkCreatedSpotActivityPush","source":{"storageSource":{"bucket":"gcf-v2-sources-921585466609-us-central1","object":"onBookmarkCreatedSpotActivityPush/function-source.zip","generation":"1779114221094637"}},"environmentVariables":{"GOOGLE_NODE_RUN_SCRIPTS":""},"dockerRepository":"projects/pinpix-app/locations/us-central1/repositories/gcf-artifacts","sourceProvenance":{"resolvedStorageSource":{"bucket":"gcf-v2-sources-921585466609-us-central1","object":"onBookmarkCreatedSpotActivityPush/function-source.zip","generation":"1779114221094637"}},"dockerRegistry":"ARTIFACT_REGISTRY","serviceAccount":"projects/pinpix-app/serviceAccounts/921585466609-compute@developer.gserviceaccount.com","automaticUpdatePolicy":{}},"serviceConfig":{"service":"projects/pinpix-app/locations/us-central1/services/onbookmarkcreatedspotactivitypush","timeoutSeconds":60,"environmentVariables":{"FIREBASE_CONFIG":"{\"projectId\":\"pinpix-app\",\"storageBucket\":\"pinpix-app.firebasestorage.app\"}","GCLOUD_PROJECT":"pinpix-app","EVENTARC_CLOUD_EVENT_SOURCE":"projects/pinpix-app/locations/us-central1/services/onBookmarkCreatedSpotActivityPush","FUNCTION_SIGNATURE_TYPE":"cloudevent","FUNCTION_TARGET":"onBookmarkCreatedSpotActivityPush","LOG_EXECUTION_ID":"true"},"maxInstanceCount":20,"ingressSettings":"ALLOW_ALL","uri":"https://onbookmarkcreatedspotactivitypush-2wxey353da-uc.a.run.app","serviceAccountEmail":"921585466609-compute@developer.gserviceaccount.com","availableMemory":"256Mi","allTrafficOnLatestRevision":true,"revision":"onbookmarkcreatedspotactivitypush-00006-tod","maxInstanceRequestConcurrency":80,"availableCpu":"1"},"eventTrigger":{"trigger":"projects/pinpix-app/locations/nam5/triggers/onbookmarkcreatedspotactivitypush-964490","triggerRegion":"nam5","eventType":"google.cloud.firestore.document.v1.created","eventFilters":[{"attribute":"document","value":"users/{userId}/bookmarks/{spotId}","operator":"match-path-pattern"},{"attribute":"database","value":"(default)"},{"attribute":"namespace","value":"(default)"}],"pubsubTopic":"projects/pinpix-app/topics/eventarc-nam5-onbookmarkcreatedspotactivitypush-964490-695","serviceAccountEmail":"921585466609-compute@developer.gserviceaccount.com","retryPolicy":"RETRY_POLICY_DO_NOT_RETRY"},"state":"ACTIVE","updateTime":"2026-05-18T14:24:38.406978566Z","labels":{"firebase-functions-hash":"c970072bccf90b16337e483dfdaae235d870c6cd","deployment-tool":"cli-firebase"},"environment":"GEN_2","url":"https://us-central1-pinpix-app.cloudfunctions.net/onBookmarkCreatedSpotActivityPush","createTime":"2026-05-14T17:01:12.192284554Z","satisfiesPzi":true},{"name":"projects/pinpix-app/locations/us-central1/functions/onSpotCommentCreatedPush","buildConfig":{"build":"projects/921585466609/locations/us-central1/builds/954a2ffa-f907-4194-8eca-f68687df7320","runtime":"nodejs20","entryPoint":"onSpotCommentCreatedPush","source":{"storageSource":{"bucket":"gcf-v2-sources-921585466609-us-central1","object":"onSpotCommentCreatedPush/function-source.zip","generation":"1779114279297795"}},"environmentVariables":{"GOOGLE_NODE_RUN_SCRIPTS":""},"dockerRepository":"projects/pinpix-app/locations/us-central1/repositories/gcf-artifacts","sourceProvenance":{"resolvedStorageSource":{"bucket":"gcf-v2-sources-921585466609-us-central1","object":"onSpotCommentCreatedPush/function-source.zip","generation":"1779114279297795"}},"dockerRegistry":"ARTIFACT_REGISTRY","serviceAccount":"projects/pinpix-app/serviceAccounts/921585466609-compute@developer.gserviceaccount.com","automaticUpdatePolicy":{}},"serviceConfig":{"service":"projects/pinpix-app/locations/us-central1/services/onspotcommentcreatedpush","timeoutSeconds":60,"environmentVariables":{"FIREBASE_CONFIG":"{\"projectId\":\"pinpix-app\",\"storageBucket\":\"pinpix-app.firebasestorage.app\"}","GCLOUD_PROJECT":"pinpix-app","EVENTARC_CLOUD_EVENT_SOURCE":"projects/pinpix-app/locations/us-central1/services/onSpotCommentCreatedPush","FUNCTION_SIGNATURE_TYPE":"cloudevent","FUNCTION_TARGET":"onSpotCommentCreatedPush","LOG_EXECUTION_ID":"true"},"maxInstanceCount":20,"ingressSettings":"ALLOW_ALL","uri":"https://onspotcommentcreatedpush-2wxey353da-uc.a.run.app","serviceAccountEmail":"921585466609-compute@developer.gserviceaccount.com","availableMemory":"256Mi","allTrafficOnLatestRevision":true,"revision":"onspotcommentcreatedpush-00003-zuw","maxInstanceRequestConcurrency":80,"availableCpu":"1"},"eventTrigger":{"trigger":"projects/pinpix-app/locations/nam5/triggers/onspotcommentcreatedpush-945370","triggerRegion":"nam5","eventType":"google.cloud.firestore.document.v1.created","eventFilters":[{"attribute":"namespace","value":"(default)"},{"attribute":"document","value":"spots/{spotId}/comments/{commentId}","operator":"match-path-pattern"},{"attribute":"database","value":"(default)"}],"pubsubTopic":"projects/pinpix-app/topics/eventarc-nam5-onspotcommentcreatedpush-945370-689","serviceAccountEmail":"921585466609-compute@developer.gserviceaccount.com","retryPolicy":"RETRY_POLICY_DO_NOT_RETRY"},"state":"ACTIVE","updateTime":"2026-05-18T14:24:47.697582966Z","labels":{"deployment-tool":"cli-firebase","firebase-functions-hash":"c970072bccf90b16337e483dfdaae235d870c6cd"},"environment":"GEN_2","url":"https://us-central1-pinpix-app.cloudfunctions.net/onSpotCommentCreatedPush","createTime":"2026-05-14T17:41:36.370770449Z","satisfiesPzi":true},{"name":"projects/pinpix-app/locations/us-central1/functions/onReportCreated","buildConfig":{"build":"projects/921585466609/locations/us-central1/builds/954a2ffa-f907-4194-8eca-f68687df7320","runtime":"nodejs20","entryPoint":"onReportCreated","source":{"storageSource":{"bucket":"gcf-v2-sources-921585466609-us-central1","object":"onReportCreated/function-source.zip","generation":"1779114278878714"}},"environmentVariables":{"GOOGLE_NODE_RUN_SCRIPTS":""},"dockerRepository":"projects/pinpix-app/locations/us-central1/repositories/gcf-artifacts","sourceProvenance":{"resolvedStorageSource":{"bucket":"gcf-v2-sources-921585466609-us-central1","object":"onReportCreated/function-source.zip","generation":"1779114278878714"}},"dockerRegistry":"ARTIFACT_REGISTRY","serviceAccount":"projects/pinpix-app/serviceAccounts/921585466609-compute@developer.gserviceaccount.com","automaticUpdatePolicy":{}},"serviceConfig":{"service":"projects/pinpix-app/locations/us-central1/services/onreportcreated","timeoutSeconds":60,"environmentVariables":{"FIREBASE_CONFIG":"{\"projectId\":\"pinpix-app\",\"storageBucket\":\"pinpix-app.firebasestorage.app\"}","GCLOUD_PROJECT":"pinpix-app","EVENTARC_CLOUD_EVENT_SOURCE":"projects/pinpix-app/locations/us-central1/services/onReportCreated","FUNCTION_SIGNATURE_TYPE":"cloudevent","FUNCTION_TARGET":"onReportCreated","LOG_EXECUTION_ID":"true"},"maxInstanceCount":20,"ingressSettings":"ALLOW_ALL","uri":"https://onreportcreated-2wxey353da-uc.a.run.app","serviceAccountEmail":"921585466609-compute@developer.gserviceaccount.com","availableMemory":"256Mi","allTrafficOnLatestRevision":true,"secretEnvironmentVariables":[{"key":"GMAIL_USER","projectId":"pinpix-app","secret":"GMAIL_USER","version":"2"},{"key":"GMAIL_APP_PASSWORD","projectId":"pinpix-app","secret":"GMAIL_APP_PASSWORD","version":"3"}],"revision":"onreportcreated-00010-niv","maxInstanceRequestConcurrency":80,"availableCpu":"1"},"eventTrigger":{"trigger":"projects/pinpix-app/locations/nam5/triggers/onreportcreated-898550","triggerRegion":"nam5","eventType":"google.cloud.firestore.document.v1.created","eventFilters":[{"attribute":"database","value":"(default)"},{"attribute":"namespace","value":"(default)"},{"attribute":"document","value":"reports/{reportId}","operator":"match-path-pattern"}],"pubsubTopic":"projects/pinpix-app/topics/eventarc-nam5-onreportcreated-898550-910","serviceAccountEmail":"921585466609-compute@developer.gserviceaccount.com","retryPolicy":"RETRY_POLICY_DO_NOT_RETRY"},"state":"ACTIVE","updateTime":"2026-05-18T14:24:47.038347809Z","labels":{"deployment-tool":"cli-firebase","firebase-functions-hash":"caa2094b3d60694c5e921c8b6bb4167f5e646c62"},"environment":"GEN_2","url":"https://us-central1-pinpix-app.cloudfunctions.net/onReportCreated","createTime":"2026-05-12T16:50:56.434263686Z","satisfiesPzi":true},{"name":"projects/pinpix-app/locations/us-central1/functions/onSpotCommentLikeCreatedPush","buildConfig":{"build":"projects/921585466609/locations/us-central1/builds/954a2ffa-f907-4194-8eca-f68687df7320","runtime":"nodejs20","entryPoint":"onSpotCommentLikeCreatedPush","source":{"storageSource":{"bucket":"gcf-v2-sources-921585466609-us-central1","object":"onSpotCommentLikeCreatedPush/function-source.zip","generation":"1779114278928687"}},"environmentVariables":{"GOOGLE_NODE_RUN_SCRIPTS":""},"dockerRepository":"projects/pinpix-app/locations/us-central1/repositories/gcf-artifacts","sourceProvenance":{"resolvedStorageSource":{"bucket":"gcf-v2-sources-921585466609-us-central1","object":"onSpotCommentLikeCreatedPush/function-source.zip","generation":"1779114278928687"}},"dockerRegistry":"ARTIFACT_REGISTRY","serviceAccount":"projects/pinpix-app/serviceAccounts/921585466609-compute@developer.gserviceaccount.com","automaticUpdatePolicy":{}},"serviceConfig":{"service":"projects/pinpix-app/locations/us-central1/services/onspotcommentlikecreatedpush","timeoutSeconds":60,"environmentVariables":{"FIREBASE_CONFIG":"{\"projectId\":\"pinpix-app\",\"storageBucket\":\"pinpix-app.firebasestorage.app\"}","GCLOUD_PROJECT":"pinpix-app","EVENTARC_CLOUD_EVENT_SOURCE":"projects/pinpix-app/locations/us-central1/services/onSpotCommentLikeCreatedPush","FUNCTION_SIGNATURE_TYPE":"cloudevent","FUNCTION_TARGET":"onSpotCommentLikeCreatedPush","LOG_EXECUTION_ID":"true"},"maxInstanceCount":20,"ingressSettings":"ALLOW_ALL","uri":"https://onspotcommentlikecreatedpush-2wxey353da-uc.a.run.app","serviceAccountEmail":"921585466609-compute@developer.gserviceaccount.com","availableMemory":"256Mi","allTrafficOnLatestRevision":true,"revision":"onspotcommentlikecreatedpush-00003-jom","maxInstanceRequestConcurrency":80,"availableCpu":"1"},"eventTrigger":{"trigger":"projects/pinpix-app/locations/nam5/triggers/onspotcommentlikecreatedpush-656335","triggerRegion":"nam5","eventType":"google.cloud.firestore.document.v1.created","eventFilters":[{"attribute":"namespace","value":"(default)"},{"attribute":"document","value":"spots/{spotId}/comments/{commentId}/likes/{likeUid}","operator":"match-path-pattern"},{"attribute":"database","value":"(default)"}],"pubsubTopic":"projects/pinpix-app/topics/eventarc-nam5-onspotcommentlikecreatedpush-656335-827","serviceAccountEmail":"921585466609-compute@developer.gserviceaccount.com","retryPolicy":"RETRY_POLICY_DO_NOT_RETRY"},"state":"ACTIVE","updateTime":"2026-05-18T14:24:46.776603119Z","labels":{"deployment-tool":"cli-firebase","firebase-functions-hash":"c970072bccf90b16337e483dfdaae235d870c6cd"},"environment":"GEN_2","url":"https://us-central1-pinpix-app.cloudfunctions.net/onSpotCommentLikeCreatedPush","createTime":"2026-05-14T17:42:33.702713478Z","satisfiesPzi":true},{"name":"projects/pinpix-app/locations/us-central1/functions/onSpotCreatedNearbyPush","buildConfig":{"build":"projects/921585466609/locations/us-central1/builds/954a2ffa-f907-4194-8eca-f68687df7320","runtime":"nodejs20","entryPoint":"onSpotCreatedNearbyPush","source":{"storageSource":{"bucket":"gcf-v2-sources-921585466609-us-central1","object":"onSpotCreatedNearbyPush/function-source.zip","generation":"1779114278921633"}},"environmentVariables":{"GOOGLE_NODE_RUN_SCRIPTS":""},"dockerRepository":"projects/pinpix-app/locations/us-central1/repositories/gcf-artifacts","sourceProvenance":{"resolvedStorageSource":{"bucket":"gcf-v2-sources-921585466609-us-central1","object":"onSpotCreatedNearbyPush/function-source.zip","generation":"1779114278921633"}},"dockerRegistry":"ARTIFACT_REGISTRY","serviceAccount":"projects/pinpix-app/serviceAccounts/921585466609-compute@developer.gserviceaccount.com","automaticUpdatePolicy":{}},"serviceConfig":{"service":"projects/pinpix-app/locations/us-central1/services/onspotcreatednearbypush","timeoutSeconds":60,"environmentVariables":{"FIREBASE_CONFIG":"{\"projectId\":\"pinpix-app\",\"storageBucket\":\"pinpix-app.firebasestorage.app\"}","GCLOUD_PROJECT":"pinpix-app","EVENTARC_CLOUD_EVENT_SOURCE":"projects/pinpix-app/locations/us-central1/services/onSpotCreatedNearbyPush","FUNCTION_SIGNATURE_TYPE":"cloudevent","FUNCTION_TARGET":"onSpotCreatedNearbyPush","LOG_EXECUTION_ID":"true"},"maxInstanceCount":20,"ingressSettings":"ALLOW_ALL","uri":"https://onspotcreatednearbypush-2wxey353da-uc.a.run.app","serviceAccountEmail":"921585466609-compute@developer.gserviceaccount.com","availableMemory":"256Mi","allTrafficOnLatestRevision":true,"revision":"onspotcreatednearbypush-00005-veb","maxInstanceRequestConcurrency":80,"availableCpu":"1"},"eventTrigger":{"trigger":"projects/pinpix-app/locations/nam5/triggers/onspotcreatednearbypush-424744","triggerRegion":"nam5","eventType":"google.cloud.firestore.document.v1.created","eventFilters":[{"attribute":"database","value":"(default)"},{"attribute":"namespace","value":"(default)"},{"attribute":"document","value":"spots/{spotId}","operator":"match-path-pattern"}],"pubsubTopic":"projects/pinpix-app/topics/eventarc-nam5-onspotcreatednearbypush-424744-633","serviceAccountEmail":"921585466609-compute@developer.gserviceaccount.com","retryPolicy":"RETRY_POLICY_DO_NOT_RETRY"},"state":"ACTIVE","updateTime":"2026-05-18T14:24:46.407485175Z","labels":{"firebase-functions-hash":"c970072bccf90b16337e483dfdaae235d870c6cd","deployment-tool":"cli-firebase"},"environment":"GEN_2","url":"https://us-central1-pinpix-app.cloudfunctions.net/onSpotCreatedNearbyPush","createTime":"2026-05-14T17:01:59.278403963Z","satisfiesPzi":true},{"name":"projects/pinpix-app/locations/us-central1/functions/onUserFriendsUpdatedPush","buildConfig":{"build":"projects/921585466609/locations/us-central1/builds/954a2ffa-f907-4194-8eca-f68687df7320","runtime":"nodejs20","entryPoint":"onUserFriendsUpdatedPush","source":{"storageSource":{"bucket":"gcf-v2-sources-921585466609-us-central1","object":"onUserFriendsUpdatedPush/function-source.zip","generation":"1779114278947127"}},"environmentVariables":{"GOOGLE_NODE_RUN_SCRIPTS":""},"dockerRepository":"projects/pinpix-app/locations/us-central1/repositories/gcf-artifacts","sourceProvenance":{"resolvedStorageSource":{"bucket":"gcf-v2-sources-921585466609-us-central1","object":"onUserFriendsUpdatedPush/function-source.zip","generation":"1779114278947127"}},"dockerRegistry":"ARTIFACT_REGISTRY","serviceAccount":"projects/pinpix-app/serviceAccounts/921585466609-compute@developer.gserviceaccount.com","automaticUpdatePolicy":{}},"serviceConfig":{"service":"projects/pinpix-app/locations/us-central1/services/onuserfriendsupdatedpush","timeoutSeconds":60,"environmentVariables":{"FIREBASE_CONFIG":"{\"projectId\":\"pinpix-app\",\"storageBucket\":\"pinpix-app.firebasestorage.app\"}","GCLOUD_PROJECT":"pinpix-app","EVENTARC_CLOUD_EVENT_SOURCE":"projects/pinpix-app/locations/us-central1/services/onUserFriendsUpdatedPush","FUNCTION_SIGNATURE_TYPE":"cloudevent","FUNCTION_TARGET":"onUserFriendsUpdatedPush","LOG_EXECUTION_ID":"true"},"maxInstanceCount":20,"ingressSettings":"ALLOW_ALL","uri":"https://onuserfriendsupdatedpush-2wxey353da-uc.a.run.app","serviceAccountEmail":"921585466609-compute@developer.gserviceaccount.com","availableMemory":"256Mi","allTrafficOnLatestRevision":true,"revision":"onuserfriendsupdatedpush-00006-wiv","maxInstanceRequestConcurrency":80,"availableCpu":"1"},"eventTrigger":{"trigger":"projects/pinpix-app/locations/nam5/triggers/onuserfriendsupdatedpush-919690","triggerRegion":"nam5","eventType":"google.cloud.firestore.document.v1.updated","eventFilters":[{"attribute":"database","value":"(default)"},{"attribute":"namespace","value":"(default)"},{"attribute":"document","value":"users/{userId}","operator":"match-path-pattern"}],"pubsubTopic":"projects/pinpix-app/topics/eventarc-nam5-onuserfriendsupdatedpush-919690-289","serviceAccountEmail":"921585466609-compute@developer.gserviceaccount.com","retryPolicy":"RETRY_POLICY_DO_NOT_RETRY"},"state":"ACTIVE","updateTime":"2026-05-18T14:24:46.491041670Z","labels":{"deployment-tool":"cli-firebase","firebase-functions-hash":"c970072bccf90b16337e483dfdaae235d870c6cd"},"environment":"GEN_2","url":"https://us-central1-pinpix-app.cloudfunctions.net/onUserFriendsUpdatedPush","createTime":"2026-05-13T18:06:33.627367719Z","satisfiesPzi":true},{"name":"projects/pinpix-app/locations/us-central1/functions/onFollowRequestDeletedAcceptNotify","buildConfig":{"build":"projects/921585466609/locations/us-central1/builds/954a2ffa-f907-4194-8eca-f68687df7320","runtime":"nodejs20","entryPoint":"onFollowRequestDeletedAcceptNotify","source":{"storageSource":{"bucket":"gcf-v2-sources-921585466609-us-central1","object":"onFollowRequestDeletedAcceptNotify/function-source.zip","generation":"1779114278934928"}},"environmentVariables":{"GOOGLE_NODE_RUN_SCRIPTS":""},"dockerRepository":"projects/pinpix-app/locations/us-central1/repositories/gcf-artifacts","sourceProvenance":{"resolvedStorageSource":{"bucket":"gcf-v2-sources-921585466609-us-central1","object":"onFollowRequestDeletedAcceptNotify/function-source.zip","generation":"1779114278934928"}},"dockerRegistry":"ARTIFACT_REGISTRY","serviceAccount":"projects/pinpix-app/serviceAccounts/921585466609-compute@developer.gserviceaccount.com","automaticUpdatePolicy":{}},"serviceConfig":{"service":"projects/pinpix-app/locations/us-central1/services/onfollowrequestdeletedacceptnotify","timeoutSeconds":60,"environmentVariables":{"FIREBASE_CONFIG":"{\"projectId\":\"pinpix-app\",\"storageBucket\":\"pinpix-app.firebasestorage.app\"}","GCLOUD_PROJECT":"pinpix-app","EVENTARC_CLOUD_EVENT_SOURCE":"projects/pinpix-app/locations/us-central1/services/onFollowRequestDeletedAcceptNotify","FUNCTION_SIGNATURE_TYPE":"cloudevent","FUNCTION_TARGET":"onFollowRequestDeletedAcceptNotify","LOG_EXECUTION_ID":"true"},"maxInstanceCount":20,"ingressSettings":"ALLOW_ALL","uri":"https://onfollowrequestdeletedacceptnotify-2wxey353da-uc.a.run.app","serviceAccountEmail":"921585466609-compute@developer.gserviceaccount.com","availableMemory":"256Mi","allTrafficOnLatestRevision":true,"revision":"onfollowrequestdeletedacceptnotify-00005-bik","maxInstanceRequestConcurrency":80,"availableCpu":"1"},"eventTrigger":{"trigger":"projects/pinpix-app/locations/nam5/triggers/onfollowrequestdeletedacceptnotify-325216","triggerRegion":"nam5","eventType":"google.cloud.firestore.document.v1.deleted","eventFilters":[{"attribute":"namespace","value":"(default)"},{"attribute":"document","value":"friendRequests/{requestId}","operator":"match-path-pattern"},{"attribute":"database","value":"(default)"}],"pubsubTopic":"projects/pinpix-app/topics/eventarc-nam5-onfollowrequestdeletedacceptnotify-325216-682","serviceAccountEmail":"921585466609-compute@developer.gserviceaccount.com","retryPolicy":"RETRY_POLICY_DO_NOT_RETRY"},"state":"ACTIVE","updateTime":"2026-05-18T14:24:46.762277423Z","labels":{"deployment-tool":"cli-firebase","firebase-functions-hash":"c970072bccf90b16337e483dfdaae235d870c6cd"},"environment":"GEN_2","url":"https://us-central1-pinpix-app.cloudfunctions.net/onFollowRequestDeletedAcceptNotify","createTime":"2026-05-14T17:01:59.381192174Z","satisfiesPzi":true},{"name":"projects/pinpix-app/locations/us-central1/functions/onSpotLikeCreatedPush","buildConfig":{"build":"projects/921585466609/locations/us-central1/builds/954a2ffa-f907-4194-8eca-f68687df7320","runtime":"nodejs20","entryPoint":"onSpotLikeCreatedPush","source":{"storageSource":{"bucket":"gcf-v2-sources-921585466609-us-central1","object":"onSpotLikeCreatedPush/function-source.zip","generation":"1779114278920009"}},"environmentVariables":{"GOOGLE_NODE_RUN_SCRIPTS":""},"dockerRepository":"projects/pinpix-app/locations/us-central1/repositories/gcf-artifacts","sourceProvenance":{"resolvedStorageSource":{"bucket":"gcf-v2-sources-921585466609-us-central1","object":"onSpotLikeCreatedPush/function-source.zip","generation":"1779114278920009"}},"dockerRegistry":"ARTIFACT_REGISTRY","serviceAccount":"projects/pinpix-app/serviceAccounts/921585466609-compute@developer.gserviceaccount.com","automaticUpdatePolicy":{}},"serviceConfig":{"service":"projects/pinpix-app/locations/us-central1/services/onspotlikecreatedpush","timeoutSeconds":60,"environmentVariables":{"FIREBASE_CONFIG":"{\"projectId\":\"pinpix-app\",\"storageBucket\":\"pinpix-app.firebasestorage.app\"}","GCLOUD_PROJECT":"pinpix-app","EVENTARC_CLOUD_EVENT_SOURCE":"projects/pinpix-app/locations/us-central1/services/onSpotLikeCreatedPush","FUNCTION_SIGNATURE_TYPE":"cloudevent","FUNCTION_TARGET":"onSpotLikeCreatedPush","LOG_EXECUTION_ID":"true"},"maxInstanceCount":20,"ingressSettings":"ALLOW_ALL","uri":"https://onspotlikecreatedpush-2wxey353da-uc.a.run.app","serviceAccountEmail":"921585466609-compute@developer.gserviceaccount.com","availableMemory":"256Mi","allTrafficOnLatestRevision":true,"revision":"onspotlikecreatedpush-00005-yat","maxInstanceRequestConcurrency":80,"availableCpu":"1"},"eventTrigger":{"trigger":"projects/pinpix-app/locations/nam5/triggers/onspotlikecreatedpush-907403","triggerRegion":"nam5","eventType":"google.cloud.firestore.document.v1.created","eventFilters":[{"attribute":"document","value":"spots/{spotId}/likes/{likeUid}","operator":"match-path-pattern"},{"attribute":"database","value":"(default)"},{"attribute":"namespace","value":"(default)"}],"pubsubTopic":"projects/pinpix-app/topics/eventarc-nam5-onspotlikecreatedpush-907403-813","serviceAccountEmail":"921585466609-compute@developer.gserviceaccount.com","retryPolicy":"RETRY_POLICY_DO_NOT_RETRY"},"state":"ACTIVE","updateTime":"2026-05-18T14:24:46.299510258Z","labels":{"deployment-tool":"cli-firebase","firebase-functions-hash":"c970072bccf90b16337e483dfdaae235d870c6cd"},"environment":"GEN_2","url":"https://us-central1-pinpix-app.cloudfunctions.net/onSpotLikeCreatedPush","createTime":"2026-05-14T17:01:59.404969618Z","satisfiesPzi":true},{"name":"projects/pinpix-app/locations/us-central1/functions/weeklyDigestPush","buildConfig":{"build":"projects/921585466609/locations/us-central1/builds/954a2ffa-f907-4194-8eca-f68687df7320","runtime":"nodejs20","entryPoint":"weeklyDigestPush","source":{"storageSource":{"bucket":"gcf-v2-sources-921585466609-us-central1","object":"weeklyDigestPush/function-source.zip","generation":"1779114278919074"}},"environmentVariables":{"GOOGLE_NODE_RUN_SCRIPTS":""},"dockerRepository":"projects/pinpix-app/locations/us-central1/repositories/gcf-artifacts","sourceProvenance":{"resolvedStorageSource":{"bucket":"gcf-v2-sources-921585466609-us-central1","object":"weeklyDigestPush/function-source.zip","generation":"1779114278919074"}},"dockerRegistry":"ARTIFACT_REGISTRY","serviceAccount":"projects/pinpix-app/serviceAccounts/921585466609-compute@developer.gserviceaccount.com","automaticUpdatePolicy":{}},"serviceConfig":{"service":"projects/pinpix-app/locations/us-central1/services/weeklydigestpush","timeoutSeconds":60,"environmentVariables":{"FIREBASE_CONFIG":"{\"projectId\":\"pinpix-app\",\"storageBucket\":\"pinpix-app.firebasestorage.app\"}","GCLOUD_PROJECT":"pinpix-app","EVENTARC_CLOUD_EVENT_SOURCE":"projects/pinpix-app/locations/us-central1/services/weeklyDigestPush","FUNCTION_TARGET":"weeklyDigestPush","LOG_EXECUTION_ID":"true","FUNCTION_SIGNATURE_TYPE":"http"},"maxInstanceCount":20,"ingressSettings":"ALLOW_ALL","uri":"https://weeklydigestpush-2wxey353da-uc.a.run.app","serviceAccountEmail":"921585466609-compute@developer.gserviceaccount.com","availableMemory":"256Mi","allTrafficOnLatestRevision":true,"revision":"weeklydigestpush-00005-tan","maxInstanceRequestConcurrency":80,"availableCpu":"1"},"state":"ACTIVE","updateTime":"2026-05-18T14:24:45.978660206Z","labels":{"deployment-tool":"cli-firebase","deployment-scheduled":"true","firebase-functions-hash":"c970072bccf90b16337e483dfdaae235d870c6cd"},"environment":"GEN_2","url":"https://us-central1-pinpix-app.cloudfunctions.net/weeklyDigestPush","createTime":"2026-05-14T17:01:59.331512019Z","satisfiesPzi":true},{"name":"projects/pinpix-app/locations/us-central1/functions/onFriendRequestCreatedPush","buildConfig":{"build":"projects/921585466609/locations/us-central1/builds/954a2ffa-f907-4194-8eca-f68687df7320","runtime":"nodejs20","entryPoint":"onFriendRequestCreatedPush","source":{"storageSource":{"bucket":"gcf-v2-sources-921585466609-us-central1","object":"onFriendRequestCreatedPush/function-source.zip","generation":"1779114278963280"}},"environmentVariables":{"GOOGLE_NODE_RUN_SCRIPTS":""},"dockerRepository":"projects/pinpix-app/locations/us-central1/repositories/gcf-artifacts","sourceProvenance":{"resolvedStorageSource":{"bucket":"gcf-v2-sources-921585466609-us-central1","object":"onFriendRequestCreatedPush/function-source.zip","generation":"1779114278963280"}},"dockerRegistry":"ARTIFACT_REGISTRY","serviceAccount":"projects/pinpix-app/serviceAccounts/921585466609-compute@developer.gserviceaccount.com","automaticUpdatePolicy":{}},"serviceConfig":{"service":"projects/pinpix-app/locations/us-central1/services/onfriendrequestcreatedpush","timeoutSeconds":60,"environmentVariables":{"FIREBASE_CONFIG":"{\"projectId\":\"pinpix-app\",\"storageBucket\":\"pinpix-app.firebasestorage.app\"}","GCLOUD_PROJECT":"pinpix-app","EVENTARC_CLOUD_EVENT_SOURCE":"projects/pinpix-app/locations/us-central1/services/onFriendRequestCreatedPush","FUNCTION_SIGNATURE_TYPE":"cloudevent","FUNCTION_TARGET":"onFriendRequestCreatedPush","LOG_EXECUTION_ID":"true"},"maxInstanceCount":20,"ingressSettings":"ALLOW_ALL","uri":"https://onfriendrequestcreatedpush-2wxey353da-uc.a.run.app","serviceAccountEmail":"921585466609-compute@developer.gserviceaccount.com","availableMemory":"256Mi","allTrafficOnLatestRevision":true,"revision":"onfriendrequestcreatedpush-00006-tej","maxInstanceRequestConcurrency":80,"availableCpu":"1"},"eventTrigger":{"trigger":"projects/pinpix-app/locations/nam5/triggers/onfriendrequestcreatedpush-642405","triggerRegion":"nam5","eventType":"google.cloud.firestore.document.v1.created","eventFilters":[{"attribute":"database","value":"(default)"},{"attribute":"namespace","value":"(default)"},{"attribute":"document","value":"friendRequests/{requestId}","operator":"match-path-pattern"}],"pubsubTopic":"projects/pinpix-app/topics/eventarc-nam5-onfriendrequestcreatedpush-642405-312","serviceAccountEmail":"921585466609-compute@developer.gserviceaccount.com","retryPolicy":"RETRY_POLICY_DO_NOT_RETRY"},"state":"ACTIVE","updateTime":"2026-05-18T14:24:46.729483561Z","labels":{"deployment-tool":"cli-firebase","firebase-functions-hash":"c970072bccf90b16337e483dfdaae235d870c6cd"},"environment":"GEN_2","url":"https://us-central1-pinpix-app.cloudfunctions.net/onFriendRequestCreatedPush","createTime":"2026-05-13T18:05:26.125746170Z","satisfiesPzi":true}]}
[debug] [2026-05-18T18:10:47.230Z] Checked if tokens are valid: true, expires at: 1779130979181
[debug] [2026-05-18T18:10:47.230Z] Checked if tokens are valid: true, expires at: 1779130979181
[debug] [2026-05-18T18:10:47.230Z] >>> [apiv2][query] GET https://firestore.googleapis.com/v1/projects/pinpix-app/databases/(default) [none]
[debug] [2026-05-18T18:10:47.506Z] <<< [apiv2][status] GET https://firestore.googleapis.com/v1/projects/pinpix-app/databases/(default) 200
[debug] [2026-05-18T18:10:47.506Z] <<< [apiv2][body] GET https://firestore.googleapis.com/v1/projects/pinpix-app/databases/(default) {"name":"projects/pinpix-app/databases/(default)","uid":"249053cb-4357-475b-8a85-ccc244cceca1","createTime":"2026-05-11T03:04:48.660924Z","updateTime":"2026-05-11T03:04:48.660924Z","locationId":"nam5","type":"FIRESTORE_NATIVE","concurrencyMode":"PESSIMISTIC","versionRetentionPeriod":"3600s","earliestVersionTime":"2026-05-18T17:10:47.654148Z","appEngineIntegrationMode":"DISABLED","keyPrefix":"s","pointInTimeRecoveryEnablement":"POINT_IN_TIME_RECOVERY_DISABLED","deleteProtectionState":"DELETE_PROTECTION_DISABLED","databaseEdition":"STANDARD","freeTier":true,"realtimeUpdatesMode":"REALTIME_UPDATES_MODE_ENABLED","etag":"II6j+tq3w5QDMKOgocqgsJQD"}
[info] i  functions: ensuring required API cloudscheduler.googleapis.com is enabled... 
[info] i  functions: ensuring required API run.googleapis.com is enabled... 
[info] i  functions: ensuring required API eventarc.googleapis.com is enabled... 
[info] i  functions: ensuring required API pubsub.googleapis.com is enabled... 
[info] i  functions: ensuring required API storage.googleapis.com is enabled... 
[info] i  functions: generating the service identity for pubsub.googleapis.com... 
[debug] [2026-05-18T18:10:47.509Z] Checked if tokens are valid: true, expires at: 1779130979181
[debug] [2026-05-18T18:10:47.509Z] Checked if tokens are valid: true, expires at: 1779130979181
[info] i  functions: generating the service identity for eventarc.googleapis.com... 
[debug] [2026-05-18T18:10:47.509Z] Checked if tokens are valid: true, expires at: 1779130979181
[debug] [2026-05-18T18:10:47.509Z] Checked if tokens are valid: true, expires at: 1779130979181
[debug] [2026-05-18T18:10:47.509Z] >>> [apiv2][query] POST https://serviceusage.googleapis.com/v1beta1/projects/921585466609/services/pubsub.googleapis.com:generateServiceIdentity [none]
[debug] [2026-05-18T18:10:47.509Z] >>> [apiv2][(partial)header] POST https://serviceusage.googleapis.com/v1beta1/projects/921585466609/services/pubsub.googleapis.com:generateServiceIdentity  x-goog-user-project=921585466609
[debug] [2026-05-18T18:10:47.509Z] >>> [apiv2][body] POST https://serviceusage.googleapis.com/v1beta1/projects/921585466609/services/pubsub.googleapis.com:generateServiceIdentity {}
[debug] [2026-05-18T18:10:47.510Z] >>> [apiv2][query] POST https://serviceusage.googleapis.com/v1beta1/projects/921585466609/services/eventarc.googleapis.com:generateServiceIdentity [none]
[debug] [2026-05-18T18:10:47.510Z] >>> [apiv2][(partial)header] POST https://serviceusage.googleapis.com/v1beta1/projects/921585466609/services/eventarc.googleapis.com:generateServiceIdentity  x-goog-user-project=921585466609
[debug] [2026-05-18T18:10:47.510Z] >>> [apiv2][body] POST https://serviceusage.googleapis.com/v1beta1/projects/921585466609/services/eventarc.googleapis.com:generateServiceIdentity {}
[debug] [2026-05-18T18:10:47.888Z] <<< [apiv2][status] POST https://serviceusage.googleapis.com/v1beta1/projects/921585466609/services/eventarc.googleapis.com:generateServiceIdentity 200
[debug] [2026-05-18T18:10:47.888Z] <<< [apiv2][body] POST https://serviceusage.googleapis.com/v1beta1/projects/921585466609/services/eventarc.googleapis.com:generateServiceIdentity {"name":"operations/finished.DONE_OPERATION","done":true,"response":{"@type":"type.googleapis.com/google.api.serviceusage.v1beta1.ServiceIdentity","email":"service-921585466609@gcp-sa-eventarc.iam.gserviceaccount.com","uniqueId":"101554375885467151068"}}
[debug] [2026-05-18T18:10:47.949Z] <<< [apiv2][status] POST https://serviceusage.googleapis.com/v1beta1/projects/921585466609/services/pubsub.googleapis.com:generateServiceIdentity 200
[debug] [2026-05-18T18:10:47.949Z] <<< [apiv2][body] POST https://serviceusage.googleapis.com/v1beta1/projects/921585466609/services/pubsub.googleapis.com:generateServiceIdentity {"name":"operations/finished.DONE_OPERATION","done":true,"response":{"@type":"type.googleapis.com/google.api.serviceusage.v1beta1.ServiceIdentity","email":"service-921585466609@gcp-sa-pubsub.iam.gserviceaccount.com","uniqueId":"107018030475595238023"}}
[info] i  functions: ensuring required API secretmanager.googleapis.com is enabled... 
[debug] [2026-05-18T18:10:47.951Z] Checked if tokens are valid: true, expires at: 1779130979181
[debug] [2026-05-18T18:10:47.952Z] Checked if tokens are valid: true, expires at: 1779130979181
[debug] [2026-05-18T18:10:47.952Z] >>> [apiv2][query] GET https://cloudresourcemanager.googleapis.com/v1/projects/pinpix-app [none]
[debug] [2026-05-18T18:10:48.021Z] <<< [apiv2][status] GET https://cloudresourcemanager.googleapis.com/v1/projects/pinpix-app 200
[debug] [2026-05-18T18:10:48.021Z] <<< [apiv2][body] GET https://cloudresourcemanager.googleapis.com/v1/projects/pinpix-app {"projectNumber":"921585466609","projectId":"pinpix-app","lifecycleState":"ACTIVE","name":"PinPix","labels":{"firebase":"enabled","firebase-core":"disabled"},"createTime":"2026-05-11T03:03:46.175Z"}
[debug] [2026-05-18T18:10:48.021Z] Checked if tokens are valid: true, expires at: 1779130979181
[debug] [2026-05-18T18:10:48.021Z] Checked if tokens are valid: true, expires at: 1779130979181
[debug] [2026-05-18T18:10:48.021Z] >>> [apiv2][query] GET https://compute.googleapis.com/compute/v1/projects/921585466609 [none]
[debug] [2026-05-18T18:10:48.166Z] <<< [apiv2][status] GET https://compute.googleapis.com/compute/v1/projects/921585466609 403
[debug] [2026-05-18T18:10:48.167Z] <<< [apiv2][body] GET https://compute.googleapis.com/compute/v1/projects/921585466609 {"error":{"code":403,"message":"Compute Engine API has not been used in project 921585466609 before or it is disabled. Enable it by visiting https://console.developers.google.com/apis/api/compute.googleapis.com/overview?project=921585466609 then retry. If you enabled this API recently, wait a few minutes for the action to propagate to our systems and retry.","errors":[{"message":"Compute Engine API has not been used in project 921585466609 before or it is disabled. Enable it by visiting https://console.developers.google.com/apis/api/compute.googleapis.com/overview?project=921585466609 then retry. If you enabled this API recently, wait a few minutes for the action to propagate to our systems and retry.","domain":"usageLimits","reason":"accessNotConfigured","extendedHelp":"https://console.developers.google.com"}],"status":"PERMISSION_DENIED","details":[{"@type":"type.googleapis.com/google.rpc.ErrorInfo","reason":"SERVICE_DISABLED","domain":"googleapis.com","metadata":{"service":"compute.googleapis.com","consumer":"projects/921585466609","containerInfo":"921585466609","activationUrl":"https://console.developers.google.com/apis/api/compute.googleapis.com/overview?project=921585466609","serviceTitle":"Compute Engine API"}},{"@type":"type.googleapis.com/google.rpc.LocalizedMessage","locale":"en-US","message":"Compute Engine API has not been used in project 921585466609 before or it is disabled. Enable it by visiting https://console.developers.google.com/apis/api/compute.googleapis.com/overview?project=921585466609 then retry. If you enabled this API recently, wait a few minutes for the action to propagate to our systems and retry."},{"@type":"type.googleapis.com/google.rpc.Help","links":[{"description":"Google developers console API activation","url":"https://console.developers.google.com/apis/api/compute.googleapis.com/overview?project=921585466609"}]}]}}
[debug] [2026-05-18T18:10:48.167Z] unable to look up default compute service account. Falling back to 921585466609-compute@developer.gserviceaccount.com. Error: {"name":"FirebaseError","children":[],"context":{"body":{"error":{"code":403,"message":"Compute Engine API has not been used in project 921585466609 before or it is disabled. Enable it by visiting https://console.developers.google.com/apis/api/compute.googleapis.com/overview?project=921585466609 then retry. If you enabled this API recently, wait a few minutes for the action to propagate to our systems and retry.","errors":[{"message":"Compute Engine API has not been used in project 921585466609 before or it is disabled. Enable it by visiting https://console.developers.google.com/apis/api/compute.googleapis.com/overview?project=921585466609 then retry. If you enabled this API recently, wait a few minutes for the action to propagate to our systems and retry.","domain":"usageLimits","reason":"accessNotConfigured","extendedHelp":"https://console.developers.google.com"}],"status":"PERMISSION_DENIED","details":[{"@type":"type.googleapis.com/google.rpc.ErrorInfo","reason":"SERVICE_DISABLED","domain":"googleapis.com","metadata":{"service":"compute.googleapis.com","consumer":"projects/921585466609","containerInfo":"921585466609","activationUrl":"https://console.developers.google.com/apis/api/compute.googleapis.com/overview?project=921585466609","serviceTitle":"Compute Engine API"}},{"@type":"type.googleapis.com/google.rpc.LocalizedMessage","locale":"en-US","message":"Compute Engine API has not been used in project 921585466609 before or it is disabled. Enable it by visiting https://console.developers.google.com/apis/api/compute.googleapis.com/overview?project=921585466609 then retry. If you enabled this API recently, wait a few minutes for the action to propagate to our systems and retry."},{"@type":"type.googleapis.com/google.rpc.Help","links":[{"description":"Google developers console API activation","url":"https://console.developers.google.com/apis/api/compute.googleapis.com/overview?project=921585466609"}]}]}},"response":{"statusCode":403}},"exit":1,"message":"Request to https://compute.googleapis.com/compute/v1/projects/921585466609 had HTTP Error: 403, Compute Engine API has not been used in project 921585466609 before or it is disabled. Enable it by visiting https://console.developers.google.com/apis/api/compute.googleapis.com/overview?project=921585466609 then retry. If you enabled this API recently, wait a few minutes for the action to propagate to our systems and retry.","status":403}
[debug] [2026-05-18T18:10:48.168Z] Checked if tokens are valid: true, expires at: 1779130979181
[debug] [2026-05-18T18:10:48.168Z] Checked if tokens are valid: true, expires at: 1779130979181
[debug] [2026-05-18T18:10:48.168Z] >>> [apiv2][query] GET https://cloudbilling.googleapis.com/v1/projects/pinpix-app/billingInfo [none]
[debug] [2026-05-18T18:10:48.378Z] <<< [apiv2][status] GET https://cloudbilling.googleapis.com/v1/projects/pinpix-app/billingInfo 200
[debug] [2026-05-18T18:10:48.378Z] <<< [apiv2][body] GET https://cloudbilling.googleapis.com/v1/projects/pinpix-app/billingInfo {"name":"projects/pinpix-app/billingInfo","projectId":"pinpix-app","billingAccountName":"billingAccounts/01E3C3-FE3550-35B7BD","billingEnabled":true}
[debug] [2026-05-18T18:10:48.379Z] Checked if tokens are valid: true, expires at: 1779130979181
[debug] [2026-05-18T18:10:48.379Z] Checked if tokens are valid: true, expires at: 1779130979181
[debug] [2026-05-18T18:10:48.379Z] >>> [apiv2][query] POST https://cloudfunctions.googleapis.com/v2/projects/pinpix-app/locations/us-central1/functions:generateUploadUrl [none]
[debug] [2026-05-18T18:10:48.561Z] <<< [apiv2][status] POST https://cloudfunctions.googleapis.com/v2/projects/pinpix-app/locations/us-central1/functions:generateUploadUrl 200
[debug] [2026-05-18T18:10:48.561Z] <<< [apiv2][body] POST https://cloudfunctions.googleapis.com/v2/projects/pinpix-app/locations/us-central1/functions:generateUploadUrl {"uploadUrl":"https://storage.googleapis.com/gcf-v2-uploads-921585466609.us-central1.cloudfunctions.appspot.com/3d4e50b3-0c99-4eed-928f-acf75fa28347.zip?GoogleAccessId=service-921585466609@gcf-admin-robot.iam.gserviceaccount.com&Expires=1779129648&Signature=vdb8OZcFVGkkikyekI3Dh2lrtqUNkCbw0jEZL7IzdIM2PvBUKeSSVJUTEeDfwPtwhlJXxQfq4rkHeLxQaJKcSdgJ9HygveGLcysdt8gb2nymY%2Bu1MIgq4Cvr80SczRvKaPA%2FT%2BjLq6HDYKbciXg0pw5x2YwVYIkfdIPPr7ItFNSkucSjomwkAZNtaw%2FvHu1Wqp8%2BsOq1RqVxkH7PnLMAhxZcI7pOX5Ui5pFamFSPuc8X7QxPa4q%2FEZs5S7ObFulk57AUM7RMa34S8y%2BErUgH12cHysmMkUO9g1%2BZxbSdZoBBUE42dYOqVGZN62kZYIOoQpzKfn7XrMs1tTezkE7ULw%3D%3D","storageSource":{"bucket":"gcf-v2-uploads-921585466609.us-central1.cloudfunctions.appspot.com","object":"3d4e50b3-0c99-4eed-928f-acf75fa28347.zip"}}
[debug] [2026-05-18T18:10:48.561Z] >>> [apiv2][query] PUT https://storage.googleapis.com/gcf-v2-uploads-921585466609.us-central1.cloudfunctions.appspot.com/3d4e50b3-0c99-4eed-928f-acf75fa28347.zip GoogleAccessId=service-921585466609%40gcf-admin-robot.iam.gserviceaccount.com&Expires=1779129648&Signature=vdb8OZcFVGkkikyekI3Dh2lrtqUNkCbw0jEZL7IzdIM2PvBUKeSSVJUTEeDfwPtwhlJXxQfq4rkHeLxQaJKcSdgJ9HygveGLcysdt8gb2nymY%2Bu1MIgq4Cvr80SczRvKaPA%2FT%2BjLq6HDYKbciXg0pw5x2YwVYIkfdIPPr7ItFNSkucSjomwkAZNtaw%2FvHu1Wqp8%2BsOq1RqVxkH7PnLMAhxZcI7pOX5Ui5pFamFSPuc8X7QxPa4q%2FEZs5S7ObFulk57AUM7RMa34S8y%2BErUgH12cHysmMkUO9g1%2BZxbSdZoBBUE42dYOqVGZN62kZYIOoQpzKfn7XrMs1tTezkE7ULw%3D%3D
[debug] [2026-05-18T18:10:48.561Z] >>> [apiv2][body] PUT https://storage.googleapis.com/gcf-v2-uploads-921585466609.us-central1.cloudfunctions.appspot.com/3d4e50b3-0c99-4eed-928f-acf75fa28347.zip [stream]
[debug] [2026-05-18T18:10:48.870Z] <<< [apiv2][status] PUT https://storage.googleapis.com/gcf-v2-uploads-921585466609.us-central1.cloudfunctions.appspot.com/3d4e50b3-0c99-4eed-928f-acf75fa28347.zip 200
[debug] [2026-05-18T18:10:48.870Z] <<< [apiv2][body] PUT https://storage.googleapis.com/gcf-v2-uploads-921585466609.us-central1.cloudfunctions.appspot.com/3d4e50b3-0c99-4eed-928f-acf75fa28347.zip [omitted]
[info] +  functions: functions source uploaded successfully 
[info] i  functions: updating Node.js 20 (2nd Gen) function onSpotCreatedNearbyPush(us-central1)... 
[debug] [2026-05-18T18:10:48.875Z] Checked if tokens are valid: true, expires at: 1779130979181
[debug] [2026-05-18T18:10:48.875Z] Checked if tokens are valid: true, expires at: 1779130979181
[debug] [2026-05-18T18:10:48.875Z] >>> [apiv2][query] PATCH https://cloudfunctions.googleapis.com/v2/projects/pinpix-app/locations/us-central1/functions/onSpotCreatedNearbyPush updateMask=name%2CbuildConfig.runtime%2CbuildConfig.entryPoint%2CbuildConfig.source.storageSource.bucket%2CbuildConfig.source.storageSource.object%2CbuildConfig.environmentVariables%2CbuildConfig.sourceToken%2CserviceConfig.environmentVariables%2CserviceConfig.ingressSettings%2CserviceConfig.timeoutSeconds%2CserviceConfig.serviceAccountEmail%2CserviceConfig.availableMemory%2CserviceConfig.minInstanceCount%2CserviceConfig.maxInstanceCount%2CserviceConfig.maxInstanceRequestConcurrency%2CserviceConfig.availableCpu%2CserviceConfig.vpcConnector%2CserviceConfig.vpcConnectorEgressSettings%2CserviceConfig.directVpcNetworkInterface%2CserviceConfig.directVpcEgress%2Clabels%2CeventTrigger.eventType%2CeventTrigger.retryPolicy%2CeventTrigger.eventFilters%2CeventTrigger.triggerRegion
[debug] [2026-05-18T18:10:48.875Z] >>> [apiv2][body] PATCH https://cloudfunctions.googleapis.com/v2/projects/pinpix-app/locations/us-central1/functions/onSpotCreatedNearbyPush {"name":"projects/pinpix-app/locations/us-central1/functions/onSpotCreatedNearbyPush","buildConfig":{"runtime":"nodejs20","entryPoint":"onSpotCreatedNearbyPush","source":{"storageSource":{"bucket":"gcf-v2-uploads-921585466609.us-central1.cloudfunctions.appspot.com","object":"3d4e50b3-0c99-4eed-928f-acf75fa28347.zip"}},"environmentVariables":{"GOOGLE_NODE_RUN_SCRIPTS":""}},"serviceConfig":{"environmentVariables":{"FIREBASE_CONFIG":"{\"projectId\":\"pinpix-app\",\"storageBucket\":\"pinpix-app.firebasestorage.app\"}","GCLOUD_PROJECT":"pinpix-app","EVENTARC_CLOUD_EVENT_SOURCE":"projects/pinpix-app/locations/us-central1/services/onSpotCreatedNearbyPush","FUNCTION_SIGNATURE_TYPE":"cloudevent","FUNCTION_TARGET":"onSpotCreatedNearbyPush","LOG_EXECUTION_ID":"true"},"ingressSettings":null,"timeoutSeconds":null,"serviceAccountEmail":null,"availableMemory":"256Mi","minInstanceCount":null,"maxInstanceCount":null,"maxInstanceRequestConcurrency":80,"availableCpu":"1","vpcConnector":null,"vpcConnectorEgressSettings":null,"directVpcNetworkInterface":null,"directVpcEgress":null},"labels":{"deployment-tool":"cli-firebase","firebase-functions-hash":"6e10a040c7b2fec300993b2f390726e4c0ab9d40"},"eventTrigger":{"eventType":"google.cloud.firestore.document.v1.created","retryPolicy":"RETRY_POLICY_DO_NOT_RETRY","eventFilters":[{"attribute":"database","value":"(default)"},{"attribute":"namespace","value":"(default)"},{"attribute":"document","value":"spots/{spotId}","operator":"match-path-pattern"}],"triggerRegion":"nam5"}}
[debug] [2026-05-18T18:10:50.002Z] <<< [apiv2][status] PATCH https://cloudfunctions.googleapis.com/v2/projects/pinpix-app/locations/us-central1/functions/onSpotCreatedNearbyPush 200
[debug] [2026-05-18T18:10:50.003Z] <<< [apiv2][body] PATCH https://cloudfunctions.googleapis.com/v2/projects/pinpix-app/locations/us-central1/functions/onSpotCreatedNearbyPush {"name":"projects/pinpix-app/locations/us-central1/operations/operation-1779127849113-6521b7b74d69e-7e9b3863-9494f686","metadata":{"@type":"type.googleapis.com/google.cloud.functions.v2.OperationMetadata","createTime":"2026-05-18T18:10:50.133957385Z","target":"projects/pinpix-app/locations/us-central1/functions/onSpotCreatedNearbyPush","verb":"update","cancelRequested":false,"apiVersion":"v2"},"done":false}
[debug] [2026-05-18T18:10:50.003Z] Checked if tokens are valid: true, expires at: 1779130979181
[debug] [2026-05-18T18:10:50.003Z] Checked if tokens are valid: true, expires at: 1779130979181
[debug] [2026-05-18T18:10:50.003Z] >>> [apiv2][query] GET https://cloudfunctions.googleapis.com/v2/projects/pinpix-app/locations/us-central1/operations/operation-1779127849113-6521b7b74d69e-7e9b3863-9494f686 [none]
[debug] [2026-05-18T18:10:50.090Z] <<< [apiv2][status] GET https://cloudfunctions.googleapis.com/v2/projects/pinpix-app/locations/us-central1/operations/operation-1779127849113-6521b7b74d69e-7e9b3863-9494f686 200
[debug] [2026-05-18T18:10:50.090Z] <<< [apiv2][body] GET https://cloudfunctions.googleapis.com/v2/projects/pinpix-app/locations/us-central1/operations/operation-1779127849113-6521b7b74d69e-7e9b3863-9494f686 {"name":"projects/pinpix-app/locations/us-central1/operations/operation-1779127849113-6521b7b74d69e-7e9b3863-9494f686","metadata":{"@type":"type.googleapis.com/google.cloud.functions.v2.OperationMetadata","createTime":"2026-05-18T18:10:50.133957385Z","target":"projects/pinpix-app/locations/us-central1/functions/onSpotCreatedNearbyPush","verb":"update","cancelRequested":false,"apiVersion":"v2"},"done":false}
[debug] [2026-05-18T18:10:50.595Z] [update-default-us-central1-onSpotCreatedNearbyPush] Retrying task index 0
[debug] [2026-05-18T18:10:50.596Z] Checked if tokens are valid: true, expires at: 1779130979181
[debug] [2026-05-18T18:10:50.596Z] Checked if tokens are valid: true, expires at: 1779130979181
[debug] [2026-05-18T18:10:50.596Z] >>> [apiv2][query] GET https://cloudfunctions.googleapis.com/v2/projects/pinpix-app/locations/us-central1/operations/operation-1779127849113-6521b7b74d69e-7e9b3863-9494f686 [none]
[debug] [2026-05-18T18:10:50.682Z] <<< [apiv2][status] GET https://cloudfunctions.googleapis.com/v2/projects/pinpix-app/locations/us-central1/operations/operation-1779127849113-6521b7b74d69e-7e9b3863-9494f686 200
[debug] [2026-05-18T18:10:50.682Z] <<< [apiv2][body] GET https://cloudfunctions.googleapis.com/v2/projects/pinpix-app/locations/us-central1/operations/operation-1779127849113-6521b7b74d69e-7e9b3863-9494f686 {"name":"projects/pinpix-app/locations/us-central1/operations/operation-1779127849113-6521b7b74d69e-7e9b3863-9494f686","metadata":{"@type":"type.googleapis.com/google.cloud.functions.v2.OperationMetadata","createTime":"2026-05-18T18:10:50.133957385Z","target":"projects/pinpix-app/locations/us-central1/functions/onSpotCreatedNearbyPush","verb":"update","cancelRequested":false,"apiVersion":"v2","requestResource":{"@type":"type.googleapis.com/google.cloud.functions.v2.Function","name":"projects/pinpix-app/locations/us-central1/functions/onSpotCreatedNearbyPush","buildConfig":{"runtime":"nodejs20","entryPoint":"onSpotCreatedNearbyPush","source":{"storageSource":{"bucket":"gcf-v2-sources-921585466609-us-central1","object":"onSpotCreatedNearbyPush/function-source.zip","generation":"1779127850047784"}},"environmentVariables":{"GOOGLE_NODE_RUN_SCRIPTS":""},"dockerRepository":"projects/pinpix-app/locations/us-central1/repositories/gcf-artifacts","sourceProvenance":{"resolvedStorageSource":{"bucket":"gcf-v2-sources-921585466609-us-central1","object":"onSpotCreatedNearbyPush/function-source.zip","generation":"1779114278921633"}},"dockerRegistry":"ARTIFACT_REGISTRY","serviceAccount":"projects/pinpix-app/serviceAccounts/921585466609-compute@developer.gserviceaccount.com","automaticUpdatePolicy":{}},"serviceConfig":{"service":"projects/pinpix-app/locations/us-central1/services/onspotcreatednearbypush","timeoutSeconds":60,"environmentVariables":{"FIREBASE_CONFIG":"{\"projectId\":\"pinpix-app\",\"storageBucket\":\"pinpix-app.firebasestorage.app\"}","GCLOUD_PROJECT":"pinpix-app","EVENTARC_CLOUD_EVENT_SOURCE":"projects/pinpix-app/locations/us-central1/services/onSpotCreatedNearbyPush","FUNCTION_SIGNATURE_TYPE":"cloudevent","FUNCTION_TARGET":"onSpotCreatedNearbyPush","LOG_EXECUTION_ID":"true"},"ingressSettings":"ALLOW_ALL","uri":"https://onspotcreatednearbypush-2wxey353da-uc.a.run.app","serviceAccountEmail":"921585466609-compute@developer.gserviceaccount.com","availableMemory":"256Mi","allTrafficOnLatestRevision":true,"revision":"onspotcreatednearbypush-00005-veb","maxInstanceRequestConcurrency":80,"availableCpu":"1"},"eventTrigger":{"trigger":"projects/pinpix-app/locations/nam5/triggers/onspotcreatednearbypush-424744","triggerRegion":"nam5","eventType":"google.cloud.firestore.document.v1.created","eventFilters":[{"attribute":"database","value":"(default)"},{"attribute":"namespace","value":"(default)"},{"attribute":"document","value":"spots/{spotId}","operator":"match-path-pattern"}],"pubsubTopic":"projects/pinpix-app/topics/eventarc-nam5-onspotcreatednearbypush-424744-633","serviceAccountEmail":"921585466609-compute@developer.gserviceaccount.com","retryPolicy":"RETRY_POLICY_DO_NOT_RETRY"},"state":"ACTIVE","labels":{"deployment-tool":"cli-firebase","firebase-functions-hash":"6e10a040c7b2fec300993b2f390726e4c0ab9d40"},"environment":"GEN_2","url":"https://us-central1-pinpix-app.cloudfunctions.net/onSpotCreatedNearbyPush","satisfiesPzi":true},"stages":[{"name":"BUILD","state":"NOT_STARTED","stateMessages":[{"severity":"WARNING","type":"BuildAnalysisWarning","message":"Node.js 20 is no longer supported by the Node.js community as of 30 April, 2026. Runtime nodejs20 is currently deprecated for Cloud Functions. We recommend you to upgrade to the latest version of Node.js as soon as possible."}]},{"name":"SERVICE","state":"NOT_STARTED"},{"name":"TRIGGER","state":"NOT_STARTED"}],"operationType":"UPDATE_FUNCTION"},"done":false}
[debug] [2026-05-18T18:10:51.693Z] [update-default-us-central1-onSpotCreatedNearbyPush] Retrying task index 0
[debug] [2026-05-18T18:10:51.693Z] Checked if tokens are valid: true, expires at: 1779130979181
[debug] [2026-05-18T18:10:51.693Z] Checked if tokens are valid: true, expires at: 1779130979181
[debug] [2026-05-18T18:10:51.693Z] >>> [apiv2][query] GET https://cloudfunctions.googleapis.com/v2/projects/pinpix-app/locations/us-central1/operations/operation-1779127849113-6521b7b74d69e-7e9b3863-9494f686 [none]
[debug] [2026-05-18T18:10:51.786Z] <<< [apiv2][status] GET https://cloudfunctions.googleapis.com/v2/projects/pinpix-app/locations/us-central1/operations/operation-1779127849113-6521b7b74d69e-7e9b3863-9494f686 200
[debug] [2026-05-18T18:10:51.786Z] <<< [apiv2][body] GET https://cloudfunctions.googleapis.com/v2/projects/pinpix-app/locations/us-central1/operations/operation-1779127849113-6521b7b74d69e-7e9b3863-9494f686 {"name":"projects/pinpix-app/locations/us-central1/operations/operation-1779127849113-6521b7b74d69e-7e9b3863-9494f686","metadata":{"@type":"type.googleapis.com/google.cloud.functions.v2.OperationMetadata","createTime":"2026-05-18T18:10:50.133957385Z","target":"projects/pinpix-app/locations/us-central1/functions/onSpotCreatedNearbyPush","verb":"update","cancelRequested":false,"apiVersion":"v2","requestResource":{"@type":"type.googleapis.com/google.cloud.functions.v2.Function","name":"projects/pinpix-app/locations/us-central1/functions/onSpotCreatedNearbyPush","buildConfig":{"runtime":"nodejs20","entryPoint":"onSpotCreatedNearbyPush","source":{"storageSource":{"bucket":"gcf-v2-sources-921585466609-us-central1","object":"onSpotCreatedNearbyPush/function-source.zip","generation":"1779127850047784"}},"environmentVariables":{"GOOGLE_NODE_RUN_SCRIPTS":""},"dockerRepository":"projects/pinpix-app/locations/us-central1/repositories/gcf-artifacts","sourceProvenance":{"resolvedStorageSource":{"bucket":"gcf-v2-sources-921585466609-us-central1","object":"onSpotCreatedNearbyPush/function-source.zip","generation":"1779114278921633"}},"dockerRegistry":"ARTIFACT_REGISTRY","serviceAccount":"projects/pinpix-app/serviceAccounts/921585466609-compute@developer.gserviceaccount.com","automaticUpdatePolicy":{}},"serviceConfig":{"service":"projects/pinpix-app/locations/us-central1/services/onspotcreatednearbypush","timeoutSeconds":60,"environmentVariables":{"FIREBASE_CONFIG":"{\"projectId\":\"pinpix-app\",\"storageBucket\":\"pinpix-app.firebasestorage.app\"}","GCLOUD_PROJECT":"pinpix-app","EVENTARC_CLOUD_EVENT_SOURCE":"projects/pinpix-app/locations/us-central1/services/onSpotCreatedNearbyPush","FUNCTION_SIGNATURE_TYPE":"cloudevent","FUNCTION_TARGET":"onSpotCreatedNearbyPush","LOG_EXECUTION_ID":"true"},"ingressSettings":"ALLOW_ALL","uri":"https://onspotcreatednearbypush-2wxey353da-uc.a.run.app","serviceAccountEmail":"921585466609-compute@developer.gserviceaccount.com","availableMemory":"256Mi","allTrafficOnLatestRevision":true,"revision":"onspotcreatednearbypush-00005-veb","maxInstanceRequestConcurrency":80,"availableCpu":"1"},"eventTrigger":{"trigger":"projects/pinpix-app/locations/nam5/triggers/onspotcreatednearbypush-424744","triggerRegion":"nam5","eventType":"google.cloud.firestore.document.v1.created","eventFilters":[{"attribute":"database","value":"(default)"},{"attribute":"namespace","value":"(default)"},{"attribute":"document","value":"spots/{spotId}","operator":"match-path-pattern"}],"pubsubTopic":"projects/pinpix-app/topics/eventarc-nam5-onspotcreatednearbypush-424744-633","serviceAccountEmail":"921585466609-compute@developer.gserviceaccount.com","retryPolicy":"RETRY_POLICY_DO_NOT_RETRY"},"state":"ACTIVE","labels":{"deployment-tool":"cli-firebase","firebase-functions-hash":"6e10a040c7b2fec300993b2f390726e4c0ab9d40"},"environment":"GEN_2","url":"https://us-central1-pinpix-app.cloudfunctions.net/onSpotCreatedNearbyPush","satisfiesPzi":true},"stages":[{"name":"BUILD","message":"Build in progress","state":"IN_PROGRESS","resource":"projects/921585466609/locations/us-central1/builds/17ccf264-73cb-45f8-9d04-c30193b11557","resourceUri":"https://console.cloud.google.com/cloud-build/builds;region=us-central1/17ccf264-73cb-45f8-9d04-c30193b11557?project=921585466609"},{"name":"SERVICE","state":"NOT_STARTED"},{"name":"TRIGGER","state":"NOT_STARTED"}],"operationType":"UPDATE_FUNCTION","buildName":"projects/921585466609/locations/us-central1/builds/17ccf264-73cb-45f8-9d04-c30193b11557"},"done":false}
[debug] [2026-05-18T18:10:53.788Z] [update-default-us-central1-onSpotCreatedNearbyPush] Retrying task index 0
[debug] [2026-05-18T18:10:53.788Z] Checked if tokens are valid: true, expires at: 1779130979181
[debug] [2026-05-18T18:10:53.788Z] Checked if tokens are valid: true, expires at: 1779130979181
[debug] [2026-05-18T18:10:53.788Z] >>> [apiv2][query] GET https://cloudfunctions.googleapis.com/v2/projects/pinpix-app/locations/us-central1/operations/operation-1779127849113-6521b7b74d69e-7e9b3863-9494f686 [none]
[debug] [2026-05-18T18:10:53.829Z] <<< [apiv2][status] GET https://cloudfunctions.googleapis.com/v2/projects/pinpix-app/locations/us-central1/operations/operation-1779127849113-6521b7b74d69e-7e9b3863-9494f686 200
[debug] [2026-05-18T18:10:53.829Z] <<< [apiv2][body] GET https://cloudfunctions.googleapis.com/v2/projects/pinpix-app/locations/us-central1/operations/operation-1779127849113-6521b7b74d69e-7e9b3863-9494f686 {"name":"projects/pinpix-app/locations/us-central1/operations/operation-1779127849113-6521b7b74d69e-7e9b3863-9494f686","metadata":{"@type":"type.googleapis.com/google.cloud.functions.v2.OperationMetadata","createTime":"2026-05-18T18:10:50.133957385Z","target":"projects/pinpix-app/locations/us-central1/functions/onSpotCreatedNearbyPush","verb":"update","cancelRequested":false,"apiVersion":"v2","requestResource":{"@type":"type.googleapis.com/google.cloud.functions.v2.Function","name":"projects/pinpix-app/locations/us-central1/functions/onSpotCreatedNearbyPush","buildConfig":{"runtime":"nodejs20","entryPoint":"onSpotCreatedNearbyPush","source":{"storageSource":{"bucket":"gcf-v2-sources-921585466609-us-central1","object":"onSpotCreatedNearbyPush/function-source.zip","generation":"1779127850047784"}},"environmentVariables":{"GOOGLE_NODE_RUN_SCRIPTS":""},"dockerRepository":"projects/pinpix-app/locations/us-central1/repositories/gcf-artifacts","sourceProvenance":{"resolvedStorageSource":{"bucket":"gcf-v2-sources-921585466609-us-central1","object":"onSpotCreatedNearbyPush/function-source.zip","generation":"1779114278921633"}},"dockerRegistry":"ARTIFACT_REGISTRY","serviceAccount":"projects/pinpix-app/serviceAccounts/921585466609-compute@developer.gserviceaccount.com","automaticUpdatePolicy":{}},"serviceConfig":{"service":"projects/pinpix-app/locations/us-central1/services/onspotcreatednearbypush","timeoutSeconds":60,"environmentVariables":{"FIREBASE_CONFIG":"{\"projectId\":\"pinpix-app\",\"storageBucket\":\"pinpix-app.firebasestorage.app\"}","GCLOUD_PROJECT":"pinpix-app","EVENTARC_CLOUD_EVENT_SOURCE":"projects/pinpix-app/locations/us-central1/services/onSpotCreatedNearbyPush","FUNCTION_SIGNATURE_TYPE":"cloudevent","FUNCTION_TARGET":"onSpotCreatedNearbyPush","LOG_EXECUTION_ID":"true"},"ingressSettings":"ALLOW_ALL","uri":"https://onspotcreatednearbypush-2wxey353da-uc.a.run.app","serviceAccountEmail":"921585466609-compute@developer.gserviceaccount.com","availableMemory":"256Mi","allTrafficOnLatestRevision":true,"revision":"onspotcreatednearbypush-00005-veb","maxInstanceRequestConcurrency":80,"availableCpu":"1"},"eventTrigger":{"trigger":"projects/pinpix-app/locations/nam5/triggers/onspotcreatednearbypush-424744","triggerRegion":"nam5","eventType":"google.cloud.firestore.document.v1.created","eventFilters":[{"attribute":"database","value":"(default)"},{"attribute":"namespace","value":"(default)"},{"attribute":"document","value":"spots/{spotId}","operator":"match-path-pattern"}],"pubsubTopic":"projects/pinpix-app/topics/eventarc-nam5-onspotcreatednearbypush-424744-633","serviceAccountEmail":"921585466609-compute@developer.gserviceaccount.com","retryPolicy":"RETRY_POLICY_DO_NOT_RETRY"},"state":"ACTIVE","labels":{"deployment-tool":"cli-firebase","firebase-functions-hash":"6e10a040c7b2fec300993b2f390726e4c0ab9d40"},"environment":"GEN_2","url":"https://us-central1-pinpix-app.cloudfunctions.net/onSpotCreatedNearbyPush","satisfiesPzi":true},"stages":[{"name":"BUILD","message":"Build in progress","state":"IN_PROGRESS","resource":"projects/921585466609/locations/us-central1/builds/17ccf264-73cb-45f8-9d04-c30193b11557","resourceUri":"https://console.cloud.google.com/cloud-build/builds;region=us-central1/17ccf264-73cb-45f8-9d04-c30193b11557?project=921585466609"},{"name":"SERVICE","state":"NOT_STARTED"},{"name":"TRIGGER","state":"NOT_STARTED"}],"operationType":"UPDATE_FUNCTION","buildName":"projects/921585466609/locations/us-central1/builds/17ccf264-73cb-45f8-9d04-c30193b11557"},"done":false}
[debug] [2026-05-18T18:10:57.844Z] [update-default-us-central1-onSpotCreatedNearbyPush] Retrying task index 0
[debug] [2026-05-18T18:10:57.844Z] Checked if tokens are valid: true, expires at: 1779130979181
[debug] [2026-05-18T18:10:57.844Z] Checked if tokens are valid: true, expires at: 1779130979181
[debug] [2026-05-18T18:10:57.844Z] >>> [apiv2][query] GET https://cloudfunctions.googleapis.com/v2/projects/pinpix-app/locations/us-central1/operations/operation-1779127849113-6521b7b74d69e-7e9b3863-9494f686 [none]
[debug] [2026-05-18T18:10:57.926Z] <<< [apiv2][status] GET https://cloudfunctions.googleapis.com/v2/projects/pinpix-app/locations/us-central1/operations/operation-1779127849113-6521b7b74d69e-7e9b3863-9494f686 200
[debug] [2026-05-18T18:10:57.926Z] <<< [apiv2][body] GET https://cloudfunctions.googleapis.com/v2/projects/pinpix-app/locations/us-central1/operations/operation-1779127849113-6521b7b74d69e-7e9b3863-9494f686 {"name":"projects/pinpix-app/locations/us-central1/operations/operation-1779127849113-6521b7b74d69e-7e9b3863-9494f686","metadata":{"@type":"type.googleapis.com/google.cloud.functions.v2.OperationMetadata","createTime":"2026-05-18T18:10:50.133957385Z","target":"projects/pinpix-app/locations/us-central1/functions/onSpotCreatedNearbyPush","verb":"update","cancelRequested":false,"apiVersion":"v2","requestResource":{"@type":"type.googleapis.com/google.cloud.functions.v2.Function","name":"projects/pinpix-app/locations/us-central1/functions/onSpotCreatedNearbyPush","buildConfig":{"runtime":"nodejs20","entryPoint":"onSpotCreatedNearbyPush","source":{"storageSource":{"bucket":"gcf-v2-sources-921585466609-us-central1","object":"onSpotCreatedNearbyPush/function-source.zip","generation":"1779127850047784"}},"environmentVariables":{"GOOGLE_NODE_RUN_SCRIPTS":""},"dockerRepository":"projects/pinpix-app/locations/us-central1/repositories/gcf-artifacts","sourceProvenance":{"resolvedStorageSource":{"bucket":"gcf-v2-sources-921585466609-us-central1","object":"onSpotCreatedNearbyPush/function-source.zip","generation":"1779114278921633"}},"dockerRegistry":"ARTIFACT_REGISTRY","serviceAccount":"projects/pinpix-app/serviceAccounts/921585466609-compute@developer.gserviceaccount.com","automaticUpdatePolicy":{}},"serviceConfig":{"service":"projects/pinpix-app/locations/us-central1/services/onspotcreatednearbypush","timeoutSeconds":60,"environmentVariables":{"FIREBASE_CONFIG":"{\"projectId\":\"pinpix-app\",\"storageBucket\":\"pinpix-app.firebasestorage.app\"}","GCLOUD_PROJECT":"pinpix-app","EVENTARC_CLOUD_EVENT_SOURCE":"projects/pinpix-app/locations/us-central1/services/onSpotCreatedNearbyPush","FUNCTION_SIGNATURE_TYPE":"cloudevent","FUNCTION_TARGET":"onSpotCreatedNearbyPush","LOG_EXECUTION_ID":"true"},"ingressSettings":"ALLOW_ALL","uri":"https://onspotcreatednearbypush-2wxey353da-uc.a.run.app","serviceAccountEmail":"921585466609-compute@developer.gserviceaccount.com","availableMemory":"256Mi","allTrafficOnLatestRevision":true,"revision":"onspotcreatednearbypush-00005-veb","maxInstanceRequestConcurrency":80,"availableCpu":"1"},"eventTrigger":{"trigger":"projects/pinpix-app/locations/nam5/triggers/onspotcreatednearbypush-424744","triggerRegion":"nam5","eventType":"google.cloud.firestore.document.v1.created","eventFilters":[{"attribute":"database","value":"(default)"},{"attribute":"namespace","value":"(default)"},{"attribute":"document","value":"spots/{spotId}","operator":"match-path-pattern"}],"pubsubTopic":"projects/pinpix-app/topics/eventarc-nam5-onspotcreatednearbypush-424744-633","serviceAccountEmail":"921585466609-compute@developer.gserviceaccount.com","retryPolicy":"RETRY_POLICY_DO_NOT_RETRY"},"state":"ACTIVE","labels":{"deployment-tool":"cli-firebase","firebase-functions-hash":"6e10a040c7b2fec300993b2f390726e4c0ab9d40"},"environment":"GEN_2","url":"https://us-central1-pinpix-app.cloudfunctions.net/onSpotCreatedNearbyPush","satisfiesPzi":true},"stages":[{"name":"BUILD","message":"Build in progress","state":"IN_PROGRESS","resource":"projects/921585466609/locations/us-central1/builds/17ccf264-73cb-45f8-9d04-c30193b11557","resourceUri":"https://console.cloud.google.com/cloud-build/builds;region=us-central1/17ccf264-73cb-45f8-9d04-c30193b11557?project=921585466609"},{"name":"SERVICE","state":"NOT_STARTED"},{"name":"TRIGGER","state":"NOT_STARTED"}],"operationType":"UPDATE_FUNCTION","buildName":"projects/921585466609/locations/us-central1/builds/17ccf264-73cb-45f8-9d04-c30193b11557"},"done":false}
[debug] [2026-05-18T18:11:05.931Z] [update-default-us-central1-onSpotCreatedNearbyPush] Retrying task index 0
[debug] [2026-05-18T18:11:05.931Z] Checked if tokens are valid: true, expires at: 1779130979181
[debug] [2026-05-18T18:11:05.931Z] Checked if tokens are valid: true, expires at: 1779130979181
[debug] [2026-05-18T18:11:05.932Z] >>> [apiv2][query] GET https://cloudfunctions.googleapis.com/v2/projects/pinpix-app/locations/us-central1/operations/operation-1779127849113-6521b7b74d69e-7e9b3863-9494f686 [none]
[debug] [2026-05-18T18:11:06.072Z] <<< [apiv2][status] GET https://cloudfunctions.googleapis.com/v2/projects/pinpix-app/locations/us-central1/operations/operation-1779127849113-6521b7b74d69e-7e9b3863-9494f686 200
[debug] [2026-05-18T18:11:06.073Z] <<< [apiv2][body] GET https://cloudfunctions.googleapis.com/v2/projects/pinpix-app/locations/us-central1/operations/operation-1779127849113-6521b7b74d69e-7e9b3863-9494f686 {"name":"projects/pinpix-app/locations/us-central1/operations/operation-1779127849113-6521b7b74d69e-7e9b3863-9494f686","metadata":{"@type":"type.googleapis.com/google.cloud.functions.v2.OperationMetadata","createTime":"2026-05-18T18:10:50.133957385Z","target":"projects/pinpix-app/locations/us-central1/functions/onSpotCreatedNearbyPush","verb":"update","cancelRequested":false,"apiVersion":"v2","requestResource":{"@type":"type.googleapis.com/google.cloud.functions.v2.Function","name":"projects/pinpix-app/locations/us-central1/functions/onSpotCreatedNearbyPush","buildConfig":{"runtime":"nodejs20","entryPoint":"onSpotCreatedNearbyPush","source":{"storageSource":{"bucket":"gcf-v2-sources-921585466609-us-central1","object":"onSpotCreatedNearbyPush/function-source.zip","generation":"1779127850047784"}},"environmentVariables":{"GOOGLE_NODE_RUN_SCRIPTS":""},"dockerRepository":"projects/pinpix-app/locations/us-central1/repositories/gcf-artifacts","sourceProvenance":{"resolvedStorageSource":{"bucket":"gcf-v2-sources-921585466609-us-central1","object":"onSpotCreatedNearbyPush/function-source.zip","generation":"1779114278921633"}},"dockerRegistry":"ARTIFACT_REGISTRY","serviceAccount":"projects/pinpix-app/serviceAccounts/921585466609-compute@developer.gserviceaccount.com","automaticUpdatePolicy":{}},"serviceConfig":{"service":"projects/pinpix-app/locations/us-central1/services/onspotcreatednearbypush","timeoutSeconds":60,"environmentVariables":{"FIREBASE_CONFIG":"{\"projectId\":\"pinpix-app\",\"storageBucket\":\"pinpix-app.firebasestorage.app\"}","GCLOUD_PROJECT":"pinpix-app","EVENTARC_CLOUD_EVENT_SOURCE":"projects/pinpix-app/locations/us-central1/services/onSpotCreatedNearbyPush","FUNCTION_SIGNATURE_TYPE":"cloudevent","FUNCTION_TARGET":"onSpotCreatedNearbyPush","LOG_EXECUTION_ID":"true"},"ingressSettings":"ALLOW_ALL","uri":"https://onspotcreatednearbypush-2wxey353da-uc.a.run.app","serviceAccountEmail":"921585466609-compute@developer.gserviceaccount.com","availableMemory":"256Mi","allTrafficOnLatestRevision":true,"revision":"onspotcreatednearbypush-00005-veb","maxInstanceRequestConcurrency":80,"availableCpu":"1"},"eventTrigger":{"trigger":"projects/pinpix-app/locations/nam5/triggers/onspotcreatednearbypush-424744","triggerRegion":"nam5","eventType":"google.cloud.firestore.document.v1.created","eventFilters":[{"attribute":"database","value":"(default)"},{"attribute":"namespace","value":"(default)"},{"attribute":"document","value":"spots/{spotId}","operator":"match-path-pattern"}],"pubsubTopic":"projects/pinpix-app/topics/eventarc-nam5-onspotcreatednearbypush-424744-633","serviceAccountEmail":"921585466609-compute@developer.gserviceaccount.com","retryPolicy":"RETRY_POLICY_DO_NOT_RETRY"},"state":"ACTIVE","labels":{"deployment-tool":"cli-firebase","firebase-functions-hash":"6e10a040c7b2fec300993b2f390726e4c0ab9d40"},"environment":"GEN_2","url":"https://us-central1-pinpix-app.cloudfunctions.net/onSpotCreatedNearbyPush","satisfiesPzi":true},"stages":[{"name":"BUILD","message":"Build in progress","state":"IN_PROGRESS","resource":"projects/921585466609/locations/us-central1/builds/17ccf264-73cb-45f8-9d04-c30193b11557","resourceUri":"https://console.cloud.google.com/cloud-build/builds;region=us-central1/17ccf264-73cb-45f8-9d04-c30193b11557?project=921585466609"},{"name":"SERVICE","state":"NOT_STARTED"},{"name":"TRIGGER","state":"NOT_STARTED"}],"operationType":"UPDATE_FUNCTION","buildName":"projects/921585466609/locations/us-central1/builds/17ccf264-73cb-45f8-9d04-c30193b11557"},"done":false}
